INFO - 11/20/22 18:39:29 - 0:00:00 - ============ Initialized logger ============
INFO - 11/20/22 18:39:29 - 0:00:00 - cuda: False
                                     dico_build: S2T&T2S
                                     dico_eval: data/en-de.5000-6500.txt
                                     dico_max_rank: 10000
                                     dico_max_size: 0
                                     dico_method: csls_knn_10
                                     dico_min_size: 0
                                     dico_threshold: 0
                                     dico_train: data/en-de.0-5000.txt
                                     emb_dim: 300
                                     exp_id: 
                                     exp_name: DE_EN_MODELS_DE_EN_DICT_DEFAULT_PARAM
                                     exp_path: /u/halle/ralev/home_at/Desktop/Hiwi/multilingual-embeddings-anchors/MUSE/dumped/DE_EN_MODELS_DE_EN_DICT_DEFAULT_PARAM/y306fmwol2
                                     export: txt
                                     max_vocab: 200000
                                     n_refinement: 5
                                     normalize_embeddings: 
                                     seed: -1
                                     src_emb: models/de_model_python.txt
                                     src_lang: de
                                     tgt_emb: models/en_model_python.txt
                                     tgt_lang: en
                                     verbose: 2
INFO - 11/20/22 18:39:29 - 0:00:00 - The experiment will be stored in /u/halle/ralev/home_at/Desktop/Hiwi/multilingual-embeddings-anchors/MUSE/dumped/DE_EN_MODELS_DE_EN_DICT_DEFAULT_PARAM/y306fmwol2
INFO - 11/20/22 18:39:35 - 0:00:06 - Loaded 90509 pre-trained word embeddings.
INFO - 11/20/22 18:39:47 - 0:00:18 - Loaded 200000 pre-trained word embeddings.
INFO - 11/20/22 18:39:47 - 0:00:19 - Found 3642 pairs of words in the dictionary (2433 unique). 11035 other pairs contained at least one unknown word (5708 in lang1, 10446 in lang2)
INFO - 11/20/22 18:39:48 - 0:00:19 - Validation metric: precision_at_1-csls_knn_10
INFO - 11/20/22 18:39:48 - 0:00:19 - Starting iteration 0...
INFO - 11/20/22 18:39:48 - 0:00:19 - Found 740 pairs of words in the dictionary (585 unique). 2920 other pairs contained at least one unknown word (2011 in lang1, 2654 in lang2)
INFO - 11/20/22 18:39:49 - 0:00:20 - 585 source words - nn - Precision at k = 1: 0.341880
INFO - 11/20/22 18:39:49 - 0:00:20 - 585 source words - nn - Precision at k = 5: 1.196581
INFO - 11/20/22 18:39:49 - 0:00:20 - 585 source words - nn - Precision at k = 10: 2.222222
INFO - 11/20/22 18:39:49 - 0:00:20 - Found 740 pairs of words in the dictionary (585 unique). 2920 other pairs contained at least one unknown word (2011 in lang1, 2654 in lang2)
INFO - 11/20/22 18:43:05 - 0:03:37 - 585 source words - csls_knn_10 - Precision at k = 1: 0.512821
INFO - 11/20/22 18:43:05 - 0:03:37 - 585 source words - csls_knn_10 - Precision at k = 5: 1.880342
INFO - 11/20/22 18:43:05 - 0:03:37 - 585 source words - csls_knn_10 - Precision at k = 10: 2.393162
INFO - 11/20/22 18:43:41 - 0:04:12 - Building the train dictionary ...
INFO - 11/20/22 18:43:41 - 0:04:12 - New train dictionary of 6736 pairs.
INFO - 11/20/22 18:43:41 - 0:04:12 - Mean cosine (nn method, S2T build, 10000 max size): 0.51044
INFO - 11/20/22 18:50:48 - 0:11:19 - Building the train dictionary ...
INFO - 11/20/22 18:50:48 - 0:11:19 - New train dictionary of 5535 pairs.
INFO - 11/20/22 18:50:48 - 0:11:19 - Mean cosine (csls_knn_10 method, S2T build, 10000 max size): 0.50197
INFO - 11/20/22 18:50:48 - 0:11:19 - __log__:{"n_iter": 0, "precision_at_1-nn": 0.3418803418803419, "precision_at_5-nn": 1.1965811965811968, "precision_at_10-nn": 2.2222222222222223, "precision_at_1-csls_knn_10": 0.5128205128205128, "precision_at_5-csls_knn_10": 1.8803418803418803, "precision_at_10-csls_knn_10": 2.3931623931623935, "mean_cosine-nn-S2T-10000": 0.5104448199272156, "mean_cosine-csls_knn_10-S2T-10000": 0.501968264579773}
INFO - 11/20/22 18:50:48 - 0:11:19 - * Best value for "precision_at_1-csls_knn_10": 0.51282
INFO - 11/20/22 18:50:48 - 0:11:19 - * Saving the mapping to /u/halle/ralev/home_at/Desktop/Hiwi/multilingual-embeddings-anchors/MUSE/dumped/DE_EN_MODELS_DE_EN_DICT_DEFAULT_PARAM/y306fmwol2/best_mapping.pth ...
INFO - 11/20/22 18:50:48 - 0:11:19 - End of iteration 0.
                                     
                                     
INFO - 11/20/22 18:50:48 - 0:11:19 - Starting iteration 1...
INFO - 11/20/22 18:50:48 - 0:11:20 - Building the train dictionary ...
INFO - 11/20/22 18:57:47 - 0:18:19 - New train dictionary of 839 pairs.
INFO - 11/20/22 18:57:48 - 0:18:19 - Found 740 pairs of words in the dictionary (585 unique). 2920 other pairs contained at least one unknown word (2011 in lang1, 2654 in lang2)
INFO - 11/20/22 18:57:49 - 0:18:20 - 585 source words - nn - Precision at k = 1: 0.512821
INFO - 11/20/22 18:57:49 - 0:18:20 - 585 source words - nn - Precision at k = 5: 1.538462
INFO - 11/20/22 18:57:49 - 0:18:20 - 585 source words - nn - Precision at k = 10: 2.222222
INFO - 11/20/22 18:57:49 - 0:18:20 - Found 740 pairs of words in the dictionary (585 unique). 2920 other pairs contained at least one unknown word (2011 in lang1, 2654 in lang2)
INFO - 11/20/22 19:01:06 - 0:21:37 - 585 source words - csls_knn_10 - Precision at k = 1: 0.683761
INFO - 11/20/22 19:01:06 - 0:21:37 - 585 source words - csls_knn_10 - Precision at k = 5: 2.222222
INFO - 11/20/22 19:01:06 - 0:21:37 - 585 source words - csls_knn_10 - Precision at k = 10: 3.247863
INFO - 11/20/22 19:01:45 - 0:22:16 - Building the train dictionary ...
INFO - 11/20/22 19:01:45 - 0:22:16 - New train dictionary of 9069 pairs.
INFO - 11/20/22 19:01:45 - 0:22:16 - Mean cosine (nn method, S2T build, 10000 max size): 0.55189
INFO - 11/20/22 19:08:49 - 0:29:21 - Building the train dictionary ...
INFO - 11/20/22 19:08:49 - 0:29:21 - New train dictionary of 7344 pairs.
INFO - 11/20/22 19:08:49 - 0:29:21 - Mean cosine (csls_knn_10 method, S2T build, 10000 max size): 0.54684
INFO - 11/20/22 19:08:49 - 0:29:21 - __log__:{"n_iter": 1, "precision_at_1-nn": 0.5128205128205128, "precision_at_5-nn": 1.5384615384615385, "precision_at_10-nn": 2.2222222222222223, "precision_at_1-csls_knn_10": 0.6837606837606838, "precision_at_5-csls_knn_10": 2.2222222222222223, "precision_at_10-csls_knn_10": 3.2478632478632483, "mean_cosine-nn-S2T-10000": 0.5518873333930969, "mean_cosine-csls_knn_10-S2T-10000": 0.5468424558639526}
INFO - 11/20/22 19:08:49 - 0:29:21 - * Best value for "precision_at_1-csls_knn_10": 0.68376
INFO - 11/20/22 19:08:49 - 0:29:21 - * Saving the mapping to /u/halle/ralev/home_at/Desktop/Hiwi/multilingual-embeddings-anchors/MUSE/dumped/DE_EN_MODELS_DE_EN_DICT_DEFAULT_PARAM/y306fmwol2/best_mapping.pth ...
INFO - 11/20/22 19:08:50 - 0:29:21 - End of iteration 1.
                                     
                                     
INFO - 11/20/22 19:08:50 - 0:29:21 - Starting iteration 2...
INFO - 11/20/22 19:08:50 - 0:29:21 - Building the train dictionary ...
INFO - 11/20/22 19:15:44 - 0:36:16 - New train dictionary of 1140 pairs.
INFO - 11/20/22 19:15:45 - 0:36:16 - Found 740 pairs of words in the dictionary (585 unique). 2920 other pairs contained at least one unknown word (2011 in lang1, 2654 in lang2)
INFO - 11/20/22 19:15:46 - 0:36:17 - 585 source words - nn - Precision at k = 1: 0.683761
INFO - 11/20/22 19:15:46 - 0:36:17 - 585 source words - nn - Precision at k = 5: 1.025641
INFO - 11/20/22 19:15:46 - 0:36:17 - 585 source words - nn - Precision at k = 10: 2.051282
INFO - 11/20/22 19:15:46 - 0:36:17 - Found 740 pairs of words in the dictionary (585 unique). 2920 other pairs contained at least one unknown word (2011 in lang1, 2654 in lang2)
INFO - 11/20/22 19:18:55 - 0:39:26 - 585 source words - csls_knn_10 - Precision at k = 1: 0.683761
INFO - 11/20/22 19:18:55 - 0:39:26 - 585 source words - csls_knn_10 - Precision at k = 5: 2.564103
INFO - 11/20/22 19:18:55 - 0:39:26 - 585 source words - csls_knn_10 - Precision at k = 10: 3.760684
INFO - 11/20/22 19:19:28 - 0:39:59 - Building the train dictionary ...
INFO - 11/20/22 19:19:28 - 0:39:59 - New train dictionary of 9293 pairs.
INFO - 11/20/22 19:19:28 - 0:39:59 - Mean cosine (nn method, S2T build, 10000 max size): 0.56184
INFO - 11/20/22 19:26:32 - 0:47:03 - Building the train dictionary ...
INFO - 11/20/22 19:26:32 - 0:47:03 - New train dictionary of 7721 pairs.
INFO - 11/20/22 19:26:32 - 0:47:04 - Mean cosine (csls_knn_10 method, S2T build, 10000 max size): 0.55601
INFO - 11/20/22 19:26:32 - 0:47:04 - __log__:{"n_iter": 2, "precision_at_1-nn": 0.6837606837606838, "precision_at_5-nn": 1.0256410256410255, "precision_at_10-nn": 2.051282051282051, "precision_at_1-csls_knn_10": 0.6837606837606838, "precision_at_5-csls_knn_10": 2.564102564102564, "precision_at_10-csls_knn_10": 3.7606837606837606, "mean_cosine-nn-S2T-10000": 0.5618354082107544, "mean_cosine-csls_knn_10-S2T-10000": 0.5560095310211182}
INFO - 11/20/22 19:26:32 - 0:47:04 - End of iteration 2.
                                     
                                     
INFO - 11/20/22 19:26:32 - 0:47:04 - Starting iteration 3...
INFO - 11/20/22 19:26:33 - 0:47:04 - Building the train dictionary ...
INFO - 11/20/22 19:33:27 - 0:53:58 - New train dictionary of 1273 pairs.
INFO - 11/20/22 19:33:27 - 0:53:58 - Found 740 pairs of words in the dictionary (585 unique). 2920 other pairs contained at least one unknown word (2011 in lang1, 2654 in lang2)
INFO - 11/20/22 19:33:28 - 0:53:59 - 585 source words - nn - Precision at k = 1: 0.512821
INFO - 11/20/22 19:33:28 - 0:53:59 - 585 source words - nn - Precision at k = 5: 1.025641
INFO - 11/20/22 19:33:28 - 0:53:59 - 585 source words - nn - Precision at k = 10: 1.880342
INFO - 11/20/22 19:33:28 - 0:53:59 - Found 740 pairs of words in the dictionary (585 unique). 2920 other pairs contained at least one unknown word (2011 in lang1, 2654 in lang2)
INFO - 11/20/22 19:36:39 - 0:57:10 - 585 source words - csls_knn_10 - Precision at k = 1: 0.854701
INFO - 11/20/22 19:36:39 - 0:57:10 - 585 source words - csls_knn_10 - Precision at k = 5: 1.880342
INFO - 11/20/22 19:36:39 - 0:57:10 - 585 source words - csls_knn_10 - Precision at k = 10: 3.589744
INFO - 11/20/22 19:37:26 - 0:57:57 - Building the train dictionary ...
INFO - 11/20/22 19:37:26 - 0:57:57 - New train dictionary of 9383 pairs.
INFO - 11/20/22 19:37:26 - 0:57:57 - Mean cosine (nn method, S2T build, 10000 max size): 0.56555
INFO - 11/20/22 19:44:33 - 1:05:05 - Building the train dictionary ...
INFO - 11/20/22 19:44:33 - 1:05:05 - New train dictionary of 7858 pairs.
INFO - 11/20/22 19:44:33 - 1:05:05 - Mean cosine (csls_knn_10 method, S2T build, 10000 max size): 0.55964
INFO - 11/20/22 19:44:33 - 1:05:05 - __log__:{"n_iter": 3, "precision_at_1-nn": 0.5128205128205128, "precision_at_5-nn": 1.0256410256410255, "precision_at_10-nn": 1.8803418803418803, "precision_at_1-csls_knn_10": 0.8547008547008548, "precision_at_5-csls_knn_10": 1.8803418803418803, "precision_at_10-csls_knn_10": 3.5897435897435894, "mean_cosine-nn-S2T-10000": 0.5655496716499329, "mean_cosine-csls_knn_10-S2T-10000": 0.5596402287483215}
INFO - 11/20/22 19:44:33 - 1:05:05 - * Best value for "precision_at_1-csls_knn_10": 0.85470
INFO - 11/20/22 19:44:33 - 1:05:05 - * Saving the mapping to /u/halle/ralev/home_at/Desktop/Hiwi/multilingual-embeddings-anchors/MUSE/dumped/DE_EN_MODELS_DE_EN_DICT_DEFAULT_PARAM/y306fmwol2/best_mapping.pth ...
INFO - 11/20/22 19:44:33 - 1:05:05 - End of iteration 3.
                                     
                                     
INFO - 11/20/22 19:44:33 - 1:05:05 - Starting iteration 4...
INFO - 11/20/22 19:44:34 - 1:05:05 - Building the train dictionary ...
INFO - 11/20/22 19:51:33 - 1:12:05 - New train dictionary of 1332 pairs.
INFO - 11/20/22 19:51:34 - 1:12:05 - Found 740 pairs of words in the dictionary (585 unique). 2920 other pairs contained at least one unknown word (2011 in lang1, 2654 in lang2)
INFO - 11/20/22 19:51:35 - 1:12:06 - 585 source words - nn - Precision at k = 1: 0.512821
INFO - 11/20/22 19:51:35 - 1:12:06 - 585 source words - nn - Precision at k = 5: 0.854701
INFO - 11/20/22 19:51:35 - 1:12:06 - 585 source words - nn - Precision at k = 10: 1.880342
INFO - 11/20/22 19:51:35 - 1:12:06 - Found 740 pairs of words in the dictionary (585 unique). 2920 other pairs contained at least one unknown word (2011 in lang1, 2654 in lang2)
INFO - 11/20/22 19:54:48 - 1:15:19 - 585 source words - csls_knn_10 - Precision at k = 1: 1.025641
INFO - 11/20/22 19:54:48 - 1:15:19 - 585 source words - csls_knn_10 - Precision at k = 5: 1.709402
INFO - 11/20/22 19:54:48 - 1:15:19 - 585 source words - csls_knn_10 - Precision at k = 10: 3.076923
INFO - 11/20/22 19:55:27 - 1:15:58 - Building the train dictionary ...
INFO - 11/20/22 19:55:27 - 1:15:58 - New train dictionary of 9400 pairs.
INFO - 11/20/22 19:55:27 - 1:15:58 - Mean cosine (nn method, S2T build, 10000 max size): 0.56803
INFO - 11/20/22 20:02:35 - 1:23:06 - Building the train dictionary ...
INFO - 11/20/22 20:02:35 - 1:23:06 - New train dictionary of 7897 pairs.
INFO - 11/20/22 20:02:35 - 1:23:06 - Mean cosine (csls_knn_10 method, S2T build, 10000 max size): 0.56233
INFO - 11/20/22 20:02:35 - 1:23:06 - __log__:{"n_iter": 4, "precision_at_1-nn": 0.5128205128205128, "precision_at_5-nn": 0.8547008547008548, "precision_at_10-nn": 1.8803418803418803, "precision_at_1-csls_knn_10": 1.0256410256410255, "precision_at_5-csls_knn_10": 1.7094017094017095, "precision_at_10-csls_knn_10": 3.076923076923077, "mean_cosine-nn-S2T-10000": 0.5680297017097473, "mean_cosine-csls_knn_10-S2T-10000": 0.562329888343811}
INFO - 11/20/22 20:02:35 - 1:23:06 - * Best value for "precision_at_1-csls_knn_10": 1.02564
INFO - 11/20/22 20:02:35 - 1:23:06 - * Saving the mapping to /u/halle/ralev/home_at/Desktop/Hiwi/multilingual-embeddings-anchors/MUSE/dumped/DE_EN_MODELS_DE_EN_DICT_DEFAULT_PARAM/y306fmwol2/best_mapping.pth ...
INFO - 11/20/22 20:02:35 - 1:23:06 - End of iteration 4.
                                     
                                     
INFO - 11/20/22 20:02:35 - 1:23:06 - Starting iteration 5...
INFO - 11/20/22 20:02:35 - 1:23:06 - Building the train dictionary ...
INFO - 11/20/22 20:09:40 - 1:30:11 - New train dictionary of 1367 pairs.
INFO - 11/20/22 20:09:40 - 1:30:12 - Found 740 pairs of words in the dictionary (585 unique). 2920 other pairs contained at least one unknown word (2011 in lang1, 2654 in lang2)
INFO - 11/20/22 20:09:41 - 1:30:12 - 585 source words - nn - Precision at k = 1: 0.512821
INFO - 11/20/22 20:09:41 - 1:30:12 - 585 source words - nn - Precision at k = 5: 0.683761
INFO - 11/20/22 20:09:41 - 1:30:12 - 585 source words - nn - Precision at k = 10: 1.880342
INFO - 11/20/22 20:09:41 - 1:30:12 - Found 740 pairs of words in the dictionary (585 unique). 2920 other pairs contained at least one unknown word (2011 in lang1, 2654 in lang2)
INFO - 11/20/22 20:12:54 - 1:33:25 - 585 source words - csls_knn_10 - Precision at k = 1: 0.854701
INFO - 11/20/22 20:12:54 - 1:33:25 - 585 source words - csls_knn_10 - Precision at k = 5: 2.051282
INFO - 11/20/22 20:12:54 - 1:33:25 - 585 source words - csls_knn_10 - Precision at k = 10: 2.905983
INFO - 11/20/22 20:13:26 - 1:33:57 - Building the train dictionary ...
INFO - 11/20/22 20:13:26 - 1:33:57 - New train dictionary of 9465 pairs.
INFO - 11/20/22 20:13:26 - 1:33:57 - Mean cosine (nn method, S2T build, 10000 max size): 0.56881
INFO - 11/20/22 20:20:34 - 1:41:06 - Building the train dictionary ...
INFO - 11/20/22 20:20:34 - 1:41:06 - New train dictionary of 7998 pairs.
INFO - 11/20/22 20:20:34 - 1:41:06 - Mean cosine (csls_knn_10 method, S2T build, 10000 max size): 0.56256
INFO - 11/20/22 20:20:35 - 1:41:06 - __log__:{"n_iter": 5, "precision_at_1-nn": 0.5128205128205128, "precision_at_5-nn": 0.6837606837606838, "precision_at_10-nn": 1.8803418803418803, "precision_at_1-csls_knn_10": 0.8547008547008548, "precision_at_5-csls_knn_10": 2.051282051282051, "precision_at_10-csls_knn_10": 2.905982905982906, "mean_cosine-nn-S2T-10000": 0.5688108801841736, "mean_cosine-csls_knn_10-S2T-10000": 0.5625641345977783}
INFO - 11/20/22 20:20:35 - 1:41:06 - End of iteration 5.
                                     
                                     
INFO - 11/20/22 20:20:35 - 1:41:06 - * Reloading the best model from /u/halle/ralev/home_at/Desktop/Hiwi/multilingual-embeddings-anchors/MUSE/dumped/DE_EN_MODELS_DE_EN_DICT_DEFAULT_PARAM/y306fmwol2/best_mapping.pth ...
INFO - 11/20/22 20:20:35 - 1:41:06 - Reloading all embeddings for mapping ...
INFO - 11/20/22 20:20:39 - 1:41:10 - Loaded 90509 pre-trained word embeddings.
INFO - 11/20/22 20:22:50 - 1:43:21 - Loaded 2229285 pre-trained word embeddings.
