INFO - 12/13/22 18:30:57 - 0:00:00 - ============ Initialized logger ============
INFO - 12/13/22 18:30:57 - 0:00:00 - cuda: False
                                     dico_eval: data/dictionaries/en_es/en-es.5000-6500.txt
                                     emb_dim: 300
                                     exp_id: 
                                     exp_name: anchors_identicals_es_en
                                     exp_path: /u/halle/ralev/home_at/Desktop/Hiwi/multilingual-embeddings-anchors/MUSE/dumped/anchors_identicals_es_en/6zi982ybrl
                                     max_vocab: 200000
                                     normalize_embeddings: 
                                     src_emb: models/en_model.txt
                                     src_lang: es
                                     tgt_emb: models/anchor_es_en_cbow_300.kv
                                     tgt_lang: en
                                     verbose: 2
INFO - 12/13/22 18:30:57 - 0:00:00 - The experiment will be stored in /u/halle/ralev/home_at/Desktop/Hiwi/multilingual-embeddings-anchors/MUSE/dumped/anchors_identicals_es_en/6zi982ybrl
INFO - 12/13/22 18:31:12 - 0:00:15 - Loaded 200000 pre-trained word embeddings.
INFO - 12/13/22 18:31:27 - 0:00:30 - Loaded 200000 pre-trained word embeddings.
INFO - 12/13/22 18:31:28 - 0:00:32 - Found 2958 pairs of words in the dictionary (1494 unique). 17 other pairs contained at least one unknown word (1 in lang1, 17 in lang2)
INFO - 12/13/22 18:31:29 - 0:00:33 - 1494 source words - nn - Precision at k = 1: 29.049531
INFO - 12/13/22 18:31:29 - 0:00:33 - 1494 source words - nn - Precision at k = 5: 30.522088
INFO - 12/13/22 18:31:29 - 0:00:33 - 1494 source words - nn - Precision at k = 10: 31.860776
INFO - 12/13/22 18:31:30 - 0:00:33 - Found 2958 pairs of words in the dictionary (1494 unique). 17 other pairs contained at least one unknown word (1 in lang1, 17 in lang2)
INFO - 12/13/22 18:34:29 - 0:03:32 - 1494 source words - csls_knn_10 - Precision at k = 1: 30.722892
INFO - 12/13/22 18:34:29 - 0:03:32 - 1494 source words - csls_knn_10 - Precision at k = 5: 37.483266
INFO - 12/13/22 18:34:29 - 0:03:32 - 1494 source words - csls_knn_10 - Precision at k = 10: 41.834003
