INFO - 12/15/22 13:42:47 - 0:00:00 - ============ Initialized logger ============
INFO - 12/15/22 13:42:47 - 0:00:00 - cuda: False
                                     dico_build: S2T&T2S
                                     dico_eval: muse_data/dictionaries/en-id.5000-6500.txt
                                     dico_max_rank: 10000
                                     dico_max_size: 0
                                     dico_method: csls_knn_10
                                     dico_min_size: 0
                                     dico_threshold: 0
                                     dico_train: muse_data/dictionaries/en-id.0-5000.txt
                                     emb_dim: 300
                                     exp_id: 
                                     exp_name: EN_INDO_SUPERVISED
                                     exp_path: /u/halle/ralev/home_at/Desktop/Hiwi/multilingual-embeddings-anchors/MUSE/dumped/EN_INDO_SUPERVISED/fpk04x0tdd
                                     export: txt
                                     max_vocab: 200000
                                     n_refinement: 5
                                     normalize_embeddings: 
                                     seed: -1
                                     src_emb: models/en_model.txt
                                     src_lang: en
                                     tgt_emb: models/id_model.txt
                                     tgt_lang: id
                                     verbose: 2
INFO - 12/15/22 13:42:47 - 0:00:00 - The experiment will be stored in /u/halle/ralev/home_at/Desktop/Hiwi/multilingual-embeddings-anchors/MUSE/dumped/EN_INDO_SUPERVISED/fpk04x0tdd
INFO - 12/15/22 13:43:00 - 0:00:13 - Loaded 200000 pre-trained word embeddings.
INFO - 12/15/22 13:43:13 - 0:00:26 - Loaded 200000 pre-trained word embeddings.
INFO - 12/15/22 13:43:15 - 0:00:28 - Found 9320 pairs of words in the dictionary (4955 unique). 87 other pairs contained at least one unknown word (31 in lang1, 87 in lang2)
INFO - 12/15/22 13:43:15 - 0:00:28 - Validation metric: precision_at_1-csls_knn_10
INFO - 12/15/22 13:43:15 - 0:00:28 - Starting iteration 0...
INFO - 12/15/22 13:43:16 - 0:00:29 - Found 2247 pairs of words in the dictionary (1486 unique). 25 other pairs contained at least one unknown word (8 in lang1, 24 in lang2)
INFO - 12/15/22 13:43:19 - 0:00:32 - 1486 source words - nn - Precision at k = 1: 62.449529
INFO - 12/15/22 13:43:19 - 0:00:32 - 1486 source words - nn - Precision at k = 5: 80.080754
INFO - 12/15/22 13:43:19 - 0:00:32 - 1486 source words - nn - Precision at k = 10: 84.656797
INFO - 12/15/22 13:43:19 - 0:00:32 - Found 2247 pairs of words in the dictionary (1486 unique). 25 other pairs contained at least one unknown word (8 in lang1, 24 in lang2)
INFO - 12/15/22 13:52:41 - 0:09:54 - 1486 source words - csls_knn_10 - Precision at k = 1: 68.977120
INFO - 12/15/22 13:52:41 - 0:09:54 - 1486 source words - csls_knn_10 - Precision at k = 5: 83.445491
INFO - 12/15/22 13:52:41 - 0:09:54 - 1486 source words - csls_knn_10 - Precision at k = 10: 87.079408
INFO - 12/15/22 13:53:41 - 0:10:54 - Building the train dictionary ...
INFO - 12/15/22 13:53:41 - 0:10:54 - New train dictionary of 7842 pairs.
INFO - 12/15/22 13:53:41 - 0:10:54 - Mean cosine (nn method, S2T build, 10000 max size): 0.66017
INFO - 12/15/22 14:08:27 - 0:25:40 - Building the train dictionary ...
INFO - 12/15/22 14:08:27 - 0:25:40 - New train dictionary of 7477 pairs.
INFO - 12/15/22 14:08:27 - 0:25:40 - Mean cosine (csls_knn_10 method, S2T build, 10000 max size): 0.66326
INFO - 12/15/22 14:08:27 - 0:25:40 - __log__:{"n_iter": 0, "precision_at_1-nn": 62.44952893674294, "precision_at_5-nn": 80.08075370121131, "precision_at_10-nn": 84.65679676985195, "precision_at_1-csls_knn_10": 68.9771197846568, "precision_at_5-csls_knn_10": 83.44549125168237, "precision_at_10-csls_knn_10": 87.07940780619113, "mean_cosine-nn-S2T-10000": 0.6601739525794983, "mean_cosine-csls_knn_10-S2T-10000": 0.6632576584815979}
INFO - 12/15/22 14:08:27 - 0:25:40 - * Best value for "precision_at_1-csls_knn_10": 68.97712
INFO - 12/15/22 14:08:27 - 0:25:40 - * Saving the mapping to /u/halle/ralev/home_at/Desktop/Hiwi/multilingual-embeddings-anchors/MUSE/dumped/EN_INDO_SUPERVISED/fpk04x0tdd/best_mapping.pth ...
INFO - 12/15/22 14:08:27 - 0:25:40 - End of iteration 0.
                                     
                                     
INFO - 12/15/22 14:08:27 - 0:25:40 - Starting iteration 1...
INFO - 12/15/22 14:08:28 - 0:25:41 - Building the train dictionary ...
INFO - 12/15/22 14:22:39 - 0:39:52 - New train dictionary of 4386 pairs.
INFO - 12/15/22 14:22:40 - 0:39:53 - Found 2247 pairs of words in the dictionary (1486 unique). 25 other pairs contained at least one unknown word (8 in lang1, 24 in lang2)
INFO - 12/15/22 14:22:42 - 0:39:55 - 1486 source words - nn - Precision at k = 1: 65.141319
INFO - 12/15/22 14:22:42 - 0:39:55 - 1486 source words - nn - Precision at k = 5: 81.157470
INFO - 12/15/22 14:22:42 - 0:39:55 - 1486 source words - nn - Precision at k = 10: 84.253028
INFO - 12/15/22 14:22:42 - 0:39:55 - Found 2247 pairs of words in the dictionary (1486 unique). 25 other pairs contained at least one unknown word (8 in lang1, 24 in lang2)
INFO - 12/15/22 14:29:17 - 0:46:30 - 1486 source words - csls_knn_10 - Precision at k = 1: 69.246299
INFO - 12/15/22 14:29:17 - 0:46:30 - 1486 source words - csls_knn_10 - Precision at k = 5: 83.378197
INFO - 12/15/22 14:29:17 - 0:46:30 - 1486 source words - csls_knn_10 - Precision at k = 10: 86.271871
INFO - 12/15/22 14:30:12 - 0:47:25 - Building the train dictionary ...
INFO - 12/15/22 14:30:12 - 0:47:25 - New train dictionary of 7997 pairs.
INFO - 12/15/22 14:30:12 - 0:47:25 - Mean cosine (nn method, S2T build, 10000 max size): 0.66970
INFO - 12/15/22 14:44:39 - 1:01:52 - Building the train dictionary ...
INFO - 12/15/22 14:44:39 - 1:01:52 - New train dictionary of 7499 pairs.
INFO - 12/15/22 14:44:39 - 1:01:52 - Mean cosine (csls_knn_10 method, S2T build, 10000 max size): 0.67606
INFO - 12/15/22 14:44:39 - 1:01:52 - __log__:{"n_iter": 1, "precision_at_1-nn": 65.1413189771198, "precision_at_5-nn": 81.15746971736203, "precision_at_10-nn": 84.25302826379543, "precision_at_1-csls_knn_10": 69.24629878869449, "precision_at_5-csls_knn_10": 83.37819650067296, "precision_at_10-csls_knn_10": 86.27187079407807, "mean_cosine-nn-S2T-10000": 0.6696956157684326, "mean_cosine-csls_knn_10-S2T-10000": 0.6760572195053101}
INFO - 12/15/22 14:44:39 - 1:01:52 - * Best value for "precision_at_1-csls_knn_10": 69.24630
INFO - 12/15/22 14:44:39 - 1:01:52 - * Saving the mapping to /u/halle/ralev/home_at/Desktop/Hiwi/multilingual-embeddings-anchors/MUSE/dumped/EN_INDO_SUPERVISED/fpk04x0tdd/best_mapping.pth ...
INFO - 12/15/22 14:44:39 - 1:01:52 - End of iteration 1.
                                     
                                     
INFO - 12/15/22 14:44:39 - 1:01:52 - Starting iteration 2...
INFO - 12/15/22 14:44:40 - 1:01:53 - Building the train dictionary ...
INFO - 12/15/22 15:04:42 - 1:21:55 - New train dictionary of 4460 pairs.
INFO - 12/15/22 15:04:43 - 1:21:56 - Found 2247 pairs of words in the dictionary (1486 unique). 25 other pairs contained at least one unknown word (8 in lang1, 24 in lang2)
INFO - 12/15/22 15:04:46 - 1:21:59 - 1486 source words - nn - Precision at k = 1: 65.410498
INFO - 12/15/22 15:04:46 - 1:21:59 - 1486 source words - nn - Precision at k = 5: 81.022880
INFO - 12/15/22 15:04:46 - 1:21:59 - 1486 source words - nn - Precision at k = 10: 84.185734
INFO - 12/15/22 15:04:46 - 1:21:59 - Found 2247 pairs of words in the dictionary (1486 unique). 25 other pairs contained at least one unknown word (8 in lang1, 24 in lang2)
INFO - 12/15/22 15:15:14 - 1:32:27 - 1486 source words - csls_knn_10 - Precision at k = 1: 69.044415
INFO - 12/15/22 15:15:14 - 1:32:27 - 1486 source words - csls_knn_10 - Precision at k = 5: 83.378197
INFO - 12/15/22 15:15:14 - 1:32:27 - 1486 source words - csls_knn_10 - Precision at k = 10: 86.069987
INFO - 12/15/22 15:16:25 - 1:33:38 - Building the train dictionary ...
INFO - 12/15/22 15:16:25 - 1:33:38 - New train dictionary of 7976 pairs.
INFO - 12/15/22 15:16:25 - 1:33:38 - Mean cosine (nn method, S2T build, 10000 max size): 0.67037
INFO - 12/15/22 15:43:30 - 2:00:43 - Building the train dictionary ...
INFO - 12/15/22 15:43:30 - 2:00:43 - New train dictionary of 7500 pairs.
INFO - 12/15/22 15:43:30 - 2:00:43 - Mean cosine (csls_knn_10 method, S2T build, 10000 max size): 0.67638
INFO - 12/15/22 15:43:31 - 2:00:44 - __log__:{"n_iter": 2, "precision_at_1-nn": 65.41049798115746, "precision_at_5-nn": 81.0228802153432, "precision_at_10-nn": 84.185733512786, "precision_at_1-csls_knn_10": 69.04441453566622, "precision_at_5-csls_knn_10": 83.37819650067296, "precision_at_10-csls_knn_10": 86.0699865410498, "mean_cosine-nn-S2T-10000": 0.6703658103942871, "mean_cosine-csls_knn_10-S2T-10000": 0.6763781905174255}
INFO - 12/15/22 15:43:31 - 2:00:44 - End of iteration 2.
                                     
                                     
INFO - 12/15/22 15:43:31 - 2:00:44 - Starting iteration 3...
INFO - 12/15/22 15:43:31 - 2:00:44 - Building the train dictionary ...
INFO - 12/15/22 16:01:50 - 2:19:03 - New train dictionary of 4477 pairs.
INFO - 12/15/22 16:01:51 - 2:19:04 - Found 2247 pairs of words in the dictionary (1486 unique). 25 other pairs contained at least one unknown word (8 in lang1, 24 in lang2)
INFO - 12/15/22 16:01:54 - 2:19:07 - 1486 source words - nn - Precision at k = 1: 65.275908
INFO - 12/15/22 16:01:54 - 2:19:07 - 1486 source words - nn - Precision at k = 5: 81.090175
INFO - 12/15/22 16:01:54 - 2:19:07 - 1486 source words - nn - Precision at k = 10: 84.051144
INFO - 12/15/22 16:01:54 - 2:19:07 - Found 2247 pairs of words in the dictionary (1486 unique). 25 other pairs contained at least one unknown word (8 in lang1, 24 in lang2)
INFO - 12/15/22 16:08:50 - 2:26:03 - 1486 source words - csls_knn_10 - Precision at k = 1: 68.977120
INFO - 12/15/22 16:08:50 - 2:26:03 - 1486 source words - csls_knn_10 - Precision at k = 5: 83.243607
INFO - 12/15/22 16:08:50 - 2:26:03 - 1486 source words - csls_knn_10 - Precision at k = 10: 86.069987
INFO - 12/15/22 16:09:39 - 2:26:52 - Building the train dictionary ...
INFO - 12/15/22 16:09:39 - 2:26:52 - New train dictionary of 7989 pairs.
INFO - 12/15/22 16:09:39 - 2:26:52 - Mean cosine (nn method, S2T build, 10000 max size): 0.67022
INFO - 12/15/22 16:27:41 - 2:44:54 - Building the train dictionary ...
INFO - 12/15/22 16:27:41 - 2:44:54 - New train dictionary of 7498 pairs.
INFO - 12/15/22 16:27:41 - 2:44:54 - Mean cosine (csls_knn_10 method, S2T build, 10000 max size): 0.67679
INFO - 12/15/22 16:27:41 - 2:44:54 - __log__:{"n_iter": 3, "precision_at_1-nn": 65.27590847913862, "precision_at_5-nn": 81.09017496635262, "precision_at_10-nn": 84.05114401076716, "precision_at_1-csls_knn_10": 68.9771197846568, "precision_at_5-csls_knn_10": 83.2436069986541, "precision_at_10-csls_knn_10": 86.0699865410498, "mean_cosine-nn-S2T-10000": 0.6702175736427307, "mean_cosine-csls_knn_10-S2T-10000": 0.6767861843109131}
INFO - 12/15/22 16:27:41 - 2:44:54 - End of iteration 3.
                                     
                                     
INFO - 12/15/22 16:27:41 - 2:44:54 - Starting iteration 4...
INFO - 12/15/22 16:27:42 - 2:44:55 - Building the train dictionary ...
INFO - 12/15/22 16:43:17 - 3:00:30 - New train dictionary of 4490 pairs.
INFO - 12/15/22 16:43:18 - 3:00:31 - Found 2247 pairs of words in the dictionary (1486 unique). 25 other pairs contained at least one unknown word (8 in lang1, 24 in lang2)
INFO - 12/15/22 16:43:20 - 3:00:33 - 1486 source words - nn - Precision at k = 1: 65.141319
INFO - 12/15/22 16:43:20 - 3:00:33 - 1486 source words - nn - Precision at k = 5: 80.820996
INFO - 12/15/22 16:43:20 - 3:00:33 - 1486 source words - nn - Precision at k = 10: 84.118439
INFO - 12/15/22 16:43:21 - 3:00:34 - Found 2247 pairs of words in the dictionary (1486 unique). 25 other pairs contained at least one unknown word (8 in lang1, 24 in lang2)
INFO - 12/15/22 16:50:23 - 3:07:36 - 1486 source words - csls_knn_10 - Precision at k = 1: 68.909825
INFO - 12/15/22 16:50:23 - 3:07:36 - 1486 source words - csls_knn_10 - Precision at k = 5: 83.243607
INFO - 12/15/22 16:50:23 - 3:07:36 - 1486 source words - csls_knn_10 - Precision at k = 10: 86.002692
INFO - 12/15/22 16:51:21 - 3:08:34 - Building the train dictionary ...
INFO - 12/15/22 16:51:21 - 3:08:34 - New train dictionary of 7990 pairs.
INFO - 12/15/22 16:51:21 - 3:08:34 - Mean cosine (nn method, S2T build, 10000 max size): 0.67018
INFO - 12/15/22 17:13:33 - 3:30:46 - Building the train dictionary ...
INFO - 12/15/22 17:13:33 - 3:30:46 - New train dictionary of 7510 pairs.
INFO - 12/15/22 17:13:33 - 3:30:46 - Mean cosine (csls_knn_10 method, S2T build, 10000 max size): 0.67651
INFO - 12/15/22 17:13:33 - 3:30:46 - __log__:{"n_iter": 4, "precision_at_1-nn": 65.1413189771198, "precision_at_5-nn": 80.82099596231494, "precision_at_10-nn": 84.11843876177659, "precision_at_1-csls_knn_10": 68.90982503364738, "precision_at_5-csls_knn_10": 83.2436069986541, "precision_at_10-csls_knn_10": 86.00269179004037, "mean_cosine-nn-S2T-10000": 0.670183002948761, "mean_cosine-csls_knn_10-S2T-10000": 0.6765092611312866}
INFO - 12/15/22 17:13:33 - 3:30:46 - End of iteration 4.
                                     
                                     
INFO - 12/15/22 17:13:33 - 3:30:46 - Starting iteration 5...
INFO - 12/15/22 17:13:34 - 3:30:47 - Building the train dictionary ...
INFO - 12/15/22 17:35:41 - 3:52:54 - New train dictionary of 4491 pairs.
INFO - 12/15/22 17:35:42 - 3:52:55 - Found 2247 pairs of words in the dictionary (1486 unique). 25 other pairs contained at least one unknown word (8 in lang1, 24 in lang2)
INFO - 12/15/22 17:35:45 - 3:52:58 - 1486 source words - nn - Precision at k = 1: 65.074024
INFO - 12/15/22 17:35:45 - 3:52:58 - 1486 source words - nn - Precision at k = 5: 80.888291
INFO - 12/15/22 17:35:45 - 3:52:58 - 1486 source words - nn - Precision at k = 10: 84.051144
INFO - 12/15/22 17:35:45 - 3:52:58 - Found 2247 pairs of words in the dictionary (1486 unique). 25 other pairs contained at least one unknown word (8 in lang1, 24 in lang2)
INFO - 12/15/22 17:43:21 - 4:00:34 - 1486 source words - csls_knn_10 - Precision at k = 1: 68.977120
INFO - 12/15/22 17:43:21 - 4:00:34 - 1486 source words - csls_knn_10 - Precision at k = 5: 83.243607
INFO - 12/15/22 17:43:21 - 4:00:34 - 1486 source words - csls_knn_10 - Precision at k = 10: 86.002692
INFO - 12/15/22 17:44:31 - 4:01:44 - Building the train dictionary ...
INFO - 12/15/22 17:44:31 - 4:01:44 - New train dictionary of 8000 pairs.
INFO - 12/15/22 17:44:31 - 4:01:44 - Mean cosine (nn method, S2T build, 10000 max size): 0.66996
