INFO - 11/10/22 13:13:44 - 0:00:00 - ============ Initialized logger ============
INFO - 11/10/22 13:13:44 - 0:00:00 - cuda: False
                                     dico_build: S2T&T2S
                                     dico_eval: data/de-en.5000-6500.txt
                                     dico_max_rank: 10000
                                     dico_max_size: 0
                                     dico_method: csls_knn_10
                                     dico_min_size: 0
                                     dico_threshold: 0
                                     dico_train: data/de-en.0-5000.txt
                                     emb_dim: 300
                                     exp_id: 
                                     exp_name: FIRST
                                     exp_path: /u/halle/ralev/home_at/Desktop/Hiwi/multilingual-embeddings-anchors/MUSE/dumped/FIRST/00olm8mc4f
                                     export: txt
                                     max_vocab: 300000
                                     n_refinement: 5
                                     normalize_embeddings: 
                                     seed: -1
                                     src_emb: models/de_model_python.txt
                                     src_lang: de
                                     tgt_emb: models/en_model_python.txt
                                     tgt_lang: en
                                     verbose: 2
INFO - 11/10/22 13:13:44 - 0:00:00 - The experiment will be stored in /u/halle/ralev/home_at/Desktop/Hiwi/multilingual-embeddings-anchors/MUSE/dumped/FIRST/00olm8mc4f
INFO - 11/10/22 13:13:50 - 0:00:06 - Loaded 90509 pre-trained word embeddings.
INFO - 11/10/22 13:15:17 - 0:01:34 - Loaded 300000 pre-trained word embeddings.
INFO - 11/10/22 13:15:19 - 0:01:35 - Found 10724 pairs of words in the dictionary (4924 unique). 142 other pairs contained at least one unknown word (113 in lang1, 33 in lang2)
INFO - 11/10/22 13:15:19 - 0:01:35 - Validation metric: precision_at_1-csls_knn_10
INFO - 11/10/22 13:15:19 - 0:01:35 - Starting iteration 0...
INFO - 11/10/22 13:15:20 - 0:01:36 - Found 2772 pairs of words in the dictionary (1461 unique). 55 other pairs contained at least one unknown word (52 in lang1, 5 in lang2)
INFO - 11/10/22 13:15:24 - 0:01:40 - 1461 source words - nn - Precision at k = 1: 3.559206
INFO - 11/10/22 13:15:24 - 0:01:40 - 1461 source words - nn - Precision at k = 5: 8.761123
INFO - 11/10/22 13:15:24 - 0:01:40 - 1461 source words - nn - Precision at k = 10: 13.004791
INFO - 11/10/22 13:15:24 - 0:01:40 - Found 2772 pairs of words in the dictionary (1461 unique). 55 other pairs contained at least one unknown word (52 in lang1, 5 in lang2)
INFO - 11/10/22 13:19:44 - 0:06:00 - 1461 source words - csls_knn_10 - Precision at k = 1: 6.091718
INFO - 11/10/22 13:19:44 - 0:06:00 - 1461 source words - csls_knn_10 - Precision at k = 5: 15.058179
INFO - 11/10/22 13:19:44 - 0:06:00 - 1461 source words - csls_knn_10 - Precision at k = 10: 20.054757
INFO - 11/10/22 13:20:32 - 0:06:48 - Building the train dictionary ...
INFO - 11/10/22 13:20:32 - 0:06:48 - New train dictionary of 8491 pairs.
INFO - 11/10/22 13:20:32 - 0:06:48 - Mean cosine (nn method, S2T build, 10000 max size): 0.53713
INFO - 11/10/22 13:30:48 - 0:17:04 - Building the train dictionary ...
INFO - 11/10/22 13:30:48 - 0:17:04 - New train dictionary of 6768 pairs.
INFO - 11/10/22 13:30:48 - 0:17:04 - Mean cosine (csls_knn_10 method, S2T build, 10000 max size): 0.53439
INFO - 11/10/22 13:30:48 - 0:17:04 - __log__:{"n_iter": 0, "precision_at_1-nn": 3.5592060232717317, "precision_at_5-nn": 8.761122518822724, "precision_at_10-nn": 13.00479123887748, "precision_at_1-csls_knn_10": 6.091718001368926, "precision_at_5-csls_knn_10": 15.058179329226556, "precision_at_10-csls_knn_10": 20.05475701574264, "mean_cosine-nn-S2T-10000": 0.5371265411376953, "mean_cosine-csls_knn_10-S2T-10000": 0.5343877673149109}
INFO - 11/10/22 13:30:48 - 0:17:04 - * Best value for "precision_at_1-csls_knn_10": 6.09172
INFO - 11/10/22 13:30:48 - 0:17:04 - * Saving the mapping to /u/halle/ralev/home_at/Desktop/Hiwi/multilingual-embeddings-anchors/MUSE/dumped/FIRST/00olm8mc4f/best_mapping.pth ...
INFO - 11/10/22 13:30:48 - 0:17:04 - End of iteration 0.
                                     
                                     
INFO - 11/10/22 13:30:48 - 0:17:04 - Starting iteration 1...
INFO - 11/10/22 13:30:49 - 0:17:05 - Building the train dictionary ...
INFO - 11/10/22 13:40:20 - 0:26:36 - New train dictionary of 1566 pairs.
INFO - 11/10/22 13:40:20 - 0:26:36 - Found 2772 pairs of words in the dictionary (1461 unique). 55 other pairs contained at least one unknown word (52 in lang1, 5 in lang2)
INFO - 11/10/22 13:40:24 - 0:26:40 - 1461 source words - nn - Precision at k = 1: 3.422313
INFO - 11/10/22 13:40:24 - 0:26:40 - 1461 source words - nn - Precision at k = 5: 8.008214
INFO - 11/10/22 13:40:24 - 0:26:40 - 1461 source words - nn - Precision at k = 10: 11.293634
INFO - 11/10/22 13:40:24 - 0:26:40 - Found 2772 pairs of words in the dictionary (1461 unique). 55 other pairs contained at least one unknown word (52 in lang1, 5 in lang2)
INFO - 11/10/22 13:44:49 - 0:31:05 - 1461 source words - csls_knn_10 - Precision at k = 1: 5.886379
INFO - 11/10/22 13:44:49 - 0:31:05 - 1461 source words - csls_knn_10 - Precision at k = 5: 13.415469
INFO - 11/10/22 13:44:49 - 0:31:05 - 1461 source words - csls_knn_10 - Precision at k = 10: 17.522245
INFO - 11/10/22 13:45:34 - 0:31:50 - Building the train dictionary ...
INFO - 11/10/22 13:45:34 - 0:31:50 - New train dictionary of 9163 pairs.
INFO - 11/10/22 13:45:34 - 0:31:50 - Mean cosine (nn method, S2T build, 10000 max size): 0.54892
INFO - 11/10/22 13:55:05 - 0:41:21 - Building the train dictionary ...
INFO - 11/10/22 13:55:05 - 0:41:21 - New train dictionary of 7533 pairs.
INFO - 11/10/22 13:55:05 - 0:41:21 - Mean cosine (csls_knn_10 method, S2T build, 10000 max size): 0.54606
INFO - 11/10/22 13:55:05 - 0:41:21 - __log__:{"n_iter": 1, "precision_at_1-nn": 3.4223134839151266, "precision_at_5-nn": 8.008213552361395, "precision_at_10-nn": 11.293634496919918, "precision_at_1-csls_knn_10": 5.886379192334018, "precision_at_5-csls_knn_10": 13.415468856947296, "precision_at_10-csls_knn_10": 17.522245037645447, "mean_cosine-nn-S2T-10000": 0.5489160418510437, "mean_cosine-csls_knn_10-S2T-10000": 0.5460615158081055}
INFO - 11/10/22 13:55:05 - 0:41:21 - End of iteration 1.
                                     
                                     
INFO - 11/10/22 13:55:05 - 0:41:21 - Starting iteration 2...
INFO - 11/10/22 13:55:05 - 0:41:21 - Building the train dictionary ...
INFO - 11/10/22 14:04:34 - 0:50:50 - New train dictionary of 1645 pairs.
INFO - 11/10/22 14:04:35 - 0:50:51 - Found 2772 pairs of words in the dictionary (1461 unique). 55 other pairs contained at least one unknown word (52 in lang1, 5 in lang2)
INFO - 11/10/22 14:04:38 - 0:50:54 - 1461 source words - nn - Precision at k = 1: 3.148528
INFO - 11/10/22 14:04:38 - 0:50:54 - 1461 source words - nn - Precision at k = 5: 7.597536
INFO - 11/10/22 14:04:38 - 0:50:54 - 1461 source words - nn - Precision at k = 10: 10.814511
INFO - 11/10/22 14:04:38 - 0:50:55 - Found 2772 pairs of words in the dictionary (1461 unique). 55 other pairs contained at least one unknown word (52 in lang1, 5 in lang2)
INFO - 11/10/22 14:09:05 - 0:55:21 - 1461 source words - csls_knn_10 - Precision at k = 1: 5.270363
INFO - 11/10/22 14:09:05 - 0:55:21 - 1461 source words - csls_knn_10 - Precision at k = 5: 11.841205
INFO - 11/10/22 14:09:05 - 0:55:21 - 1461 source words - csls_knn_10 - Precision at k = 10: 16.290212
INFO - 11/10/22 14:09:49 - 0:56:05 - Building the train dictionary ...
INFO - 11/10/22 14:09:49 - 0:56:05 - New train dictionary of 9135 pairs.
INFO - 11/10/22 14:09:49 - 0:56:05 - Mean cosine (nn method, S2T build, 10000 max size): 0.55435
INFO - 11/10/22 14:19:15 - 1:05:31 - Building the train dictionary ...
INFO - 11/10/22 14:19:15 - 1:05:31 - New train dictionary of 7561 pairs.
INFO - 11/10/22 14:19:15 - 1:05:31 - Mean cosine (csls_knn_10 method, S2T build, 10000 max size): 0.55072
INFO - 11/10/22 14:19:15 - 1:05:31 - __log__:{"n_iter": 2, "precision_at_1-nn": 3.1485284052019162, "precision_at_5-nn": 7.597535934291582, "precision_at_10-nn": 10.8145106091718, "precision_at_1-csls_knn_10": 5.2703627652292955, "precision_at_5-csls_knn_10": 11.841204654346338, "precision_at_10-csls_knn_10": 16.290212183436005, "mean_cosine-nn-S2T-10000": 0.5543500185012817, "mean_cosine-csls_knn_10-S2T-10000": 0.5507211089134216}
INFO - 11/10/22 14:19:15 - 1:05:31 - End of iteration 2.
                                     
                                     
INFO - 11/10/22 14:19:15 - 1:05:31 - Starting iteration 3...
INFO - 11/10/22 14:19:15 - 1:05:31 - Building the train dictionary ...
INFO - 11/10/22 14:28:51 - 1:15:07 - New train dictionary of 1645 pairs.
INFO - 11/10/22 14:28:52 - 1:15:08 - Found 2772 pairs of words in the dictionary (1461 unique). 55 other pairs contained at least one unknown word (52 in lang1, 5 in lang2)
INFO - 11/10/22 14:28:56 - 1:15:12 - 1461 source words - nn - Precision at k = 1: 3.080082
INFO - 11/10/22 14:28:56 - 1:15:12 - 1461 source words - nn - Precision at k = 5: 7.734428
INFO - 11/10/22 14:28:56 - 1:15:12 - 1461 source words - nn - Precision at k = 10: 10.609172
INFO - 11/10/22 14:28:56 - 1:15:12 - Found 2772 pairs of words in the dictionary (1461 unique). 55 other pairs contained at least one unknown word (52 in lang1, 5 in lang2)
INFO - 11/10/22 14:33:20 - 1:19:36 - 1461 source words - csls_knn_10 - Precision at k = 1: 5.544148
INFO - 11/10/22 14:33:20 - 1:19:36 - 1461 source words - csls_knn_10 - Precision at k = 5: 12.114990
INFO - 11/10/22 14:33:20 - 1:19:36 - 1461 source words - csls_knn_10 - Precision at k = 10: 15.605749
INFO - 11/10/22 14:34:08 - 1:20:24 - Building the train dictionary ...
INFO - 11/10/22 14:34:08 - 1:20:24 - New train dictionary of 9138 pairs.
INFO - 11/10/22 14:34:08 - 1:20:24 - Mean cosine (nn method, S2T build, 10000 max size): 0.55740
INFO - 11/10/22 14:43:49 - 1:30:05 - Building the train dictionary ...
INFO - 11/10/22 14:43:49 - 1:30:05 - New train dictionary of 7570 pairs.
INFO - 11/10/22 14:43:49 - 1:30:05 - Mean cosine (csls_knn_10 method, S2T build, 10000 max size): 0.55379
INFO - 11/10/22 14:43:49 - 1:30:06 - __log__:{"n_iter": 3, "precision_at_1-nn": 3.0800821355236137, "precision_at_5-nn": 7.734428473648186, "precision_at_10-nn": 10.609171800136892, "precision_at_1-csls_knn_10": 5.544147843942506, "precision_at_5-csls_knn_10": 12.114989733059549, "precision_at_10-csls_knn_10": 15.605749486652979, "mean_cosine-nn-S2T-10000": 0.5574032664299011, "mean_cosine-csls_knn_10-S2T-10000": 0.5537931323051453}
INFO - 11/10/22 14:43:49 - 1:30:06 - End of iteration 3.
                                     
                                     
INFO - 11/10/22 14:43:49 - 1:30:06 - Starting iteration 4...
INFO - 11/10/22 14:43:50 - 1:30:06 - Building the train dictionary ...
INFO - 11/10/22 14:53:53 - 1:40:10 - New train dictionary of 1669 pairs.
INFO - 11/10/22 14:53:54 - 1:40:10 - Found 2772 pairs of words in the dictionary (1461 unique). 55 other pairs contained at least one unknown word (52 in lang1, 5 in lang2)
INFO - 11/10/22 14:53:58 - 1:40:14 - 1461 source words - nn - Precision at k = 1: 2.737851
INFO - 11/10/22 14:53:58 - 1:40:14 - 1461 source words - nn - Precision at k = 5: 7.460643
INFO - 11/10/22 14:53:58 - 1:40:14 - 1461 source words - nn - Precision at k = 10: 10.472279
INFO - 11/10/22 14:53:58 - 1:40:14 - Found 2772 pairs of words in the dictionary (1461 unique). 55 other pairs contained at least one unknown word (52 in lang1, 5 in lang2)
INFO - 11/10/22 14:58:32 - 1:44:48 - 1461 source words - csls_knn_10 - Precision at k = 1: 5.681040
INFO - 11/10/22 14:58:32 - 1:44:48 - 1461 source words - csls_knn_10 - Precision at k = 5: 11.909651
INFO - 11/10/22 14:58:32 - 1:44:48 - 1461 source words - csls_knn_10 - Precision at k = 10: 15.537303
INFO - 11/10/22 14:59:20 - 1:45:36 - Building the train dictionary ...
INFO - 11/10/22 14:59:20 - 1:45:36 - New train dictionary of 9178 pairs.
INFO - 11/10/22 14:59:20 - 1:45:36 - Mean cosine (nn method, S2T build, 10000 max size): 0.55882
INFO - 11/10/22 15:08:53 - 1:55:09 - Building the train dictionary ...
INFO - 11/10/22 15:08:53 - 1:55:09 - New train dictionary of 7571 pairs.
INFO - 11/10/22 15:08:53 - 1:55:09 - Mean cosine (csls_knn_10 method, S2T build, 10000 max size): 0.55563
INFO - 11/10/22 15:08:53 - 1:55:09 - __log__:{"n_iter": 4, "precision_at_1-nn": 2.737850787132101, "precision_at_5-nn": 7.460643394934976, "precision_at_10-nn": 10.472279260780287, "precision_at_1-csls_knn_10": 5.68104038329911, "precision_at_5-csls_knn_10": 11.90965092402464, "precision_at_10-csls_knn_10": 15.537303216974674, "mean_cosine-nn-S2T-10000": 0.5588244199752808, "mean_cosine-csls_knn_10-S2T-10000": 0.5556313395500183}
INFO - 11/10/22 15:08:53 - 1:55:09 - End of iteration 4.
                                     
                                     
INFO - 11/10/22 15:08:53 - 1:55:09 - Starting iteration 5...
INFO - 11/10/22 15:08:54 - 1:55:10 - Building the train dictionary ...
INFO - 11/10/22 15:18:18 - 2:04:34 - New train dictionary of 1677 pairs.
INFO - 11/10/22 15:18:18 - 2:04:34 - Found 2772 pairs of words in the dictionary (1461 unique). 55 other pairs contained at least one unknown word (52 in lang1, 5 in lang2)
INFO - 11/10/22 15:18:22 - 2:04:38 - 1461 source words - nn - Precision at k = 1: 2.874743
INFO - 11/10/22 15:18:22 - 2:04:38 - 1461 source words - nn - Precision at k = 5: 7.529090
INFO - 11/10/22 15:18:22 - 2:04:38 - 1461 source words - nn - Precision at k = 10: 10.472279
INFO - 11/10/22 15:18:22 - 2:04:38 - Found 2772 pairs of words in the dictionary (1461 unique). 55 other pairs contained at least one unknown word (52 in lang1, 5 in lang2)
INFO - 11/10/22 15:22:45 - 2:09:01 - 1461 source words - csls_knn_10 - Precision at k = 1: 5.544148
INFO - 11/10/22 15:22:45 - 2:09:01 - 1461 source words - csls_knn_10 - Precision at k = 5: 11.635866
INFO - 11/10/22 15:22:45 - 2:09:01 - 1461 source words - csls_knn_10 - Precision at k = 10: 15.400411
INFO - 11/10/22 15:23:29 - 2:09:45 - Building the train dictionary ...
INFO - 11/10/22 15:23:29 - 2:09:45 - New train dictionary of 9171 pairs.
INFO - 11/10/22 15:23:29 - 2:09:45 - Mean cosine (nn method, S2T build, 10000 max size): 0.55970
INFO - 11/10/22 15:32:57 - 2:19:13 - Building the train dictionary ...
INFO - 11/10/22 15:32:57 - 2:19:13 - New train dictionary of 7553 pairs.
INFO - 11/10/22 15:32:57 - 2:19:13 - Mean cosine (csls_knn_10 method, S2T build, 10000 max size): 0.55618
INFO - 11/10/22 15:32:57 - 2:19:13 - __log__:{"n_iter": 5, "precision_at_1-nn": 2.8747433264887063, "precision_at_5-nn": 7.529089664613278, "precision_at_10-nn": 10.472279260780287, "precision_at_1-csls_knn_10": 5.544147843942506, "precision_at_5-csls_knn_10": 11.63586584531143, "precision_at_10-csls_knn_10": 15.400410677618071, "mean_cosine-nn-S2T-10000": 0.5596970915794373, "mean_cosine-csls_knn_10-S2T-10000": 0.5561780333518982}
INFO - 11/10/22 15:32:57 - 2:19:13 - End of iteration 5.
                                     
                                     
INFO - 11/10/22 15:32:57 - 2:19:13 - * Reloading the best model from /u/halle/ralev/home_at/Desktop/Hiwi/multilingual-embeddings-anchors/MUSE/dumped/FIRST/00olm8mc4f/best_mapping.pth ...
INFO - 11/10/22 15:32:57 - 2:19:13 - Reloading all embeddings for mapping ...
INFO - 11/10/22 15:33:02 - 2:19:18 - Loaded 90509 pre-trained word embeddings.
INFO - 11/10/22 15:43:25 - 2:29:42 - Loaded 2229285 pre-trained word embeddings.
