INFO - 11/09/22 20:31:54 - 0:00:00 - ============ Initialized logger ============
INFO - 11/09/22 20:31:54 - 0:00:00 - cuda: False
                                     dico_build: S2T&T2S
                                     dico_eval: default
                                     dico_max_rank: 10000
                                     dico_max_size: 0
                                     dico_method: csls_knn_10
                                     dico_min_size: 0
                                     dico_threshold: 0
                                     dico_train: data/en-de.0-5000.txt
                                     emb_dim: 300
                                     exp_id: 
                                     exp_name: debug
                                     exp_path: /u/halle/ralev/home_at/Desktop/Hiwi/multilingual-embeddings-anchors/MUSE/dumped/debug/w7grhh397k
                                     export: txt
                                     max_vocab: 200000
                                     n_refinement: 5
                                     normalize_embeddings: 
                                     seed: -1
                                     src_emb: models/en_model_python.txt
                                     src_lang: en
                                     tgt_emb: models/de_model_python.txt
                                     tgt_lang: de
                                     verbose: 2
INFO - 11/09/22 20:31:54 - 0:00:00 - The experiment will be stored in /u/halle/ralev/home_at/Desktop/Hiwi/multilingual-embeddings-anchors/MUSE/dumped/debug/w7grhh397k
INFO - 11/09/22 20:32:04 - 0:00:10 - Loaded 200000 pre-trained word embeddings.
INFO - 11/09/22 20:32:09 - 0:00:15 - Loaded 90509 pre-trained word embeddings.
INFO - 11/09/22 20:32:09 - 0:00:15 - Found 13688 pairs of words in the dictionary (4944 unique). 989 other pairs contained at least one unknown word (10 in lang1, 989 in lang2)
INFO - 11/09/22 20:32:10 - 0:00:16 - Validation metric: precision_at_1-csls_knn_10
INFO - 11/09/22 20:32:10 - 0:00:16 - Starting iteration 0...
