INFO - 11/21/22 13:18:17 - 0:00:00 - ============ Initialized logger ============
INFO - 11/21/22 13:18:17 - 0:00:00 - cuda: False
                                     dico_build: S2T&T2S
                                     dico_eval: data/en-de.5000-6500.txt
                                     dico_max_rank: 10000
                                     dico_max_size: 0
                                     dico_method: csls_knn_10
                                     dico_min_size: 0
                                     dico_threshold: 0
                                     dico_train: data/en-de.0-5000.txt
                                     emb_dim: 300
                                     exp_id: 
                                     exp_name: EN_DE__MODELS_EN_DE_DICT_DEFAULT_PARAM_FASTTEXT
                                     exp_path: /u/halle/ralev/home_at/Desktop/Hiwi/multilingual-embeddings-anchors/MUSE/dumped/EN_DE__MODELS_EN_DE_DICT_DEFAULT_PARAM_FASTTEXT/u158c559vk
                                     export: txt
                                     max_vocab: 200000
                                     n_refinement: 5
                                     normalize_embeddings: 
                                     seed: -1
                                     src_emb: muse_data/wiki.en.vec
                                     src_lang: en
                                     tgt_emb: muse_data/wiki.de.vec
                                     tgt_lang: de
                                     verbose: 2
INFO - 11/21/22 13:18:17 - 0:00:00 - The experiment will be stored in /u/halle/ralev/home_at/Desktop/Hiwi/multilingual-embeddings-anchors/MUSE/dumped/EN_DE__MODELS_EN_DE_DICT_DEFAULT_PARAM_FASTTEXT/u158c559vk
INFO - 11/21/22 13:18:27 - 0:00:10 - Loaded 200000 pre-trained word embeddings.
INFO - 11/21/22 13:18:40 - 0:00:23 - Loaded 200000 pre-trained word embeddings.
INFO - 11/21/22 13:18:41 - 0:00:24 - Found 14677 pairs of words in the dictionary (5000 unique). 0 other pairs contained at least one unknown word (0 in lang1, 0 in lang2)
INFO - 11/21/22 13:18:41 - 0:00:24 - Validation metric: precision_at_1-csls_knn_10
INFO - 11/21/22 13:18:41 - 0:00:24 - Starting iteration 0...
INFO - 11/21/22 13:18:42 - 0:00:25 - Found 3660 pairs of words in the dictionary (1500 unique). 0 other pairs contained at least one unknown word (0 in lang1, 0 in lang2)
INFO - 11/21/22 13:18:44 - 0:00:27 - 1500 source words - nn - Precision at k = 1: 68.466667
INFO - 11/21/22 13:18:44 - 0:00:27 - 1500 source words - nn - Precision at k = 5: 85.600000
INFO - 11/21/22 13:18:44 - 0:00:27 - 1500 source words - nn - Precision at k = 10: 89.533333
INFO - 11/21/22 13:18:44 - 0:00:27 - Found 3660 pairs of words in the dictionary (1500 unique). 0 other pairs contained at least one unknown word (0 in lang1, 0 in lang2)
INFO - 11/21/22 13:22:23 - 0:04:06 - 1500 source words - csls_knn_10 - Precision at k = 1: 73.466667
INFO - 11/21/22 13:22:23 - 0:04:06 - 1500 source words - csls_knn_10 - Precision at k = 5: 89.333333
INFO - 11/21/22 13:22:23 - 0:04:06 - 1500 source words - csls_knn_10 - Precision at k = 10: 92.000000
INFO - 11/21/22 13:22:45 - 0:04:28 - Building the train dictionary ...
INFO - 11/21/22 13:22:45 - 0:04:28 - New train dictionary of 4766 pairs.
INFO - 11/21/22 13:22:45 - 0:04:28 - Mean cosine (nn method, S2T build, 10000 max size): 0.71155
INFO - 11/21/22 13:30:29 - 0:12:12 - Building the train dictionary ...
INFO - 11/21/22 13:30:29 - 0:12:12 - New train dictionary of 4686 pairs.
INFO - 11/21/22 13:30:29 - 0:12:12 - Mean cosine (csls_knn_10 method, S2T build, 10000 max size): 0.70996
INFO - 11/21/22 13:30:29 - 0:12:12 - __log__:{"n_iter": 0, "precision_at_1-nn": 68.46666666666667, "precision_at_5-nn": 85.6, "precision_at_10-nn": 89.53333333333333, "precision_at_1-csls_knn_10": 73.46666666666667, "precision_at_5-csls_knn_10": 89.33333333333333, "precision_at_10-csls_knn_10": 92.0, "mean_cosine-nn-S2T-10000": 0.7115495204925537, "mean_cosine-csls_knn_10-S2T-10000": 0.7099612951278687}
INFO - 11/21/22 13:30:29 - 0:12:12 - * Best value for "precision_at_1-csls_knn_10": 73.46667
INFO - 11/21/22 13:30:29 - 0:12:12 - * Saving the mapping to /u/halle/ralev/home_at/Desktop/Hiwi/multilingual-embeddings-anchors/MUSE/dumped/EN_DE__MODELS_EN_DE_DICT_DEFAULT_PARAM_FASTTEXT/u158c559vk/best_mapping.pth ...
INFO - 11/21/22 13:30:29 - 0:12:12 - End of iteration 0.
                                     
                                     
INFO - 11/21/22 13:30:29 - 0:12:12 - Starting iteration 1...
INFO - 11/21/22 13:30:30 - 0:12:13 - Building the train dictionary ...
INFO - 11/21/22 13:38:08 - 0:19:51 - New train dictionary of 3895 pairs.
INFO - 11/21/22 13:38:08 - 0:19:51 - Found 3660 pairs of words in the dictionary (1500 unique). 0 other pairs contained at least one unknown word (0 in lang1, 0 in lang2)
INFO - 11/21/22 13:38:10 - 0:19:53 - 1500 source words - nn - Precision at k = 1: 71.400000
INFO - 11/21/22 13:38:10 - 0:19:53 - 1500 source words - nn - Precision at k = 5: 86.466667
INFO - 11/21/22 13:38:10 - 0:19:53 - 1500 source words - nn - Precision at k = 10: 89.800000
INFO - 11/21/22 13:38:10 - 0:19:53 - Found 3660 pairs of words in the dictionary (1500 unique). 0 other pairs contained at least one unknown word (0 in lang1, 0 in lang2)
INFO - 11/21/22 13:41:50 - 0:23:33 - 1500 source words - csls_knn_10 - Precision at k = 1: 74.266667
INFO - 11/21/22 13:41:50 - 0:23:33 - 1500 source words - csls_knn_10 - Precision at k = 5: 88.600000
INFO - 11/21/22 13:41:50 - 0:23:33 - 1500 source words - csls_knn_10 - Precision at k = 10: 91.866667
INFO - 11/21/22 13:42:12 - 0:23:55 - Building the train dictionary ...
INFO - 11/21/22 13:42:12 - 0:23:55 - New train dictionary of 4983 pairs.
INFO - 11/21/22 13:42:12 - 0:23:55 - Mean cosine (nn method, S2T build, 10000 max size): 0.72799
INFO - 11/21/22 13:49:58 - 0:31:41 - Building the train dictionary ...
INFO - 11/21/22 13:49:58 - 0:31:41 - New train dictionary of 4804 pairs.
INFO - 11/21/22 13:49:58 - 0:31:41 - Mean cosine (csls_knn_10 method, S2T build, 10000 max size): 0.72915
INFO - 11/21/22 13:49:58 - 0:31:41 - __log__:{"n_iter": 1, "precision_at_1-nn": 71.39999999999999, "precision_at_5-nn": 86.46666666666667, "precision_at_10-nn": 89.8, "precision_at_1-csls_knn_10": 74.26666666666667, "precision_at_5-csls_knn_10": 88.6, "precision_at_10-csls_knn_10": 91.86666666666666, "mean_cosine-nn-S2T-10000": 0.727986216545105, "mean_cosine-csls_knn_10-S2T-10000": 0.7291519045829773}
INFO - 11/21/22 13:49:58 - 0:31:41 - * Best value for "precision_at_1-csls_knn_10": 74.26667
INFO - 11/21/22 13:49:58 - 0:31:41 - * Saving the mapping to /u/halle/ralev/home_at/Desktop/Hiwi/multilingual-embeddings-anchors/MUSE/dumped/EN_DE__MODELS_EN_DE_DICT_DEFAULT_PARAM_FASTTEXT/u158c559vk/best_mapping.pth ...
INFO - 11/21/22 13:49:58 - 0:31:41 - End of iteration 1.
                                     
                                     
INFO - 11/21/22 13:49:58 - 0:31:41 - Starting iteration 2...
INFO - 11/21/22 13:49:58 - 0:31:41 - Building the train dictionary ...
INFO - 11/21/22 13:56:49 - 0:38:32 - New train dictionary of 3998 pairs.
INFO - 11/21/22 13:56:49 - 0:38:32 - Found 3660 pairs of words in the dictionary (1500 unique). 0 other pairs contained at least one unknown word (0 in lang1, 0 in lang2)
INFO - 11/21/22 13:56:51 - 0:38:34 - 1500 source words - nn - Precision at k = 1: 71.333333
INFO - 11/21/22 13:56:51 - 0:38:34 - 1500 source words - nn - Precision at k = 5: 86.200000
INFO - 11/21/22 13:56:51 - 0:38:34 - 1500 source words - nn - Precision at k = 10: 89.866667
INFO - 11/21/22 13:56:51 - 0:38:34 - Found 3660 pairs of words in the dictionary (1500 unique). 0 other pairs contained at least one unknown word (0 in lang1, 0 in lang2)
