INFO - 12/01/22 16:49:11 - 0:00:00 - ============ Initialized logger ============
INFO - 12/01/22 16:49:11 - 0:00:00 - cuda: False
                                     dico_eval: data/dictionaries/en_de/en-de.5000-6500.txt
                                     emb_dim: 300
                                     exp_id: 
                                     exp_name: anchors_identicals
                                     exp_path: /u/halle/ralev/home_at/Desktop/Hiwi/multilingual-embeddings-anchors/MUSE/dumped/anchors_identicals/rtqk322n7n
                                     max_vocab: 200000
                                     normalize_embeddings: 
                                     src_emb: models/en_model.txt
                                     src_lang: de
                                     tgt_emb: models/anchor_de_en_cbow_300_identicals.kv
                                     tgt_lang: en
                                     verbose: 2
INFO - 12/01/22 16:49:11 - 0:00:00 - The experiment will be stored in /u/halle/ralev/home_at/Desktop/Hiwi/multilingual-embeddings-anchors/MUSE/dumped/anchors_identicals/rtqk322n7n
INFO - 12/01/22 16:49:21 - 0:00:10 - Loaded 200000 pre-trained word embeddings.
INFO - 12/01/22 16:49:27 - 0:00:17 - Loaded 90509 pre-trained word embeddings.
INFO - 12/01/22 16:49:29 - 0:00:18 - Found 3334 pairs of words in the dictionary (1460 unique). 326 other pairs contained at least one unknown word (0 in lang1, 326 in lang2)
INFO - 12/01/22 16:49:31 - 0:00:20 - 1460 source words - nn - Precision at k = 1: 7.876712
INFO - 12/01/22 16:49:31 - 0:00:20 - 1460 source words - nn - Precision at k = 5: 8.904110
INFO - 12/01/22 16:49:31 - 0:00:20 - 1460 source words - nn - Precision at k = 10: 9.657534
INFO - 12/01/22 16:49:31 - 0:00:20 - Found 3334 pairs of words in the dictionary (1460 unique). 326 other pairs contained at least one unknown word (0 in lang1, 326 in lang2)
INFO - 12/01/22 16:53:37 - 0:04:26 - 1460 source words - csls_knn_10 - Precision at k = 1: 7.876712
INFO - 12/01/22 16:53:37 - 0:04:26 - 1460 source words - csls_knn_10 - Precision at k = 5: 9.794521
INFO - 12/01/22 16:53:37 - 0:04:26 - 1460 source words - csls_knn_10 - Precision at k = 10: 11.301370
