INFO - 11/20/22 14:53:39 - 0:00:00 - ============ Initialized logger ============
INFO - 11/20/22 14:53:39 - 0:00:00 - cuda: False
                                     dico_build: S2T&T2S
                                     dico_eval: data/en-de.5000-6500.txt
                                     dico_max_rank: 10000
                                     dico_max_size: 0
                                     dico_method: csls_knn_10
                                     dico_min_size: 0
                                     dico_threshold: 0
                                     dico_train: data/en-de.0-5000.txt
                                     emb_dim: 300
                                     exp_id: 
                                     exp_name: EN_DE_MODELS_EN_DE_DICT_DEFAULT_PARAM
                                     exp_path: /u/halle/ralev/home_at/Desktop/Hiwi/multilingual-embeddings-anchors/MUSE/dumped/EN_DE_MODELS_EN_DE_DICT_DEFAULT_PARAM/vedmp7blfo
                                     export: txt
                                     max_vocab: 200000
                                     n_refinement: 5
                                     normalize_embeddings: 
                                     seed: -1
                                     src_emb: models/en_model_python.txt
                                     src_lang: en
                                     tgt_emb: models/de_model_python.txt
                                     tgt_lang: de
                                     verbose: 2
INFO - 11/20/22 14:53:39 - 0:00:00 - The experiment will be stored in /u/halle/ralev/home_at/Desktop/Hiwi/multilingual-embeddings-anchors/MUSE/dumped/EN_DE_MODELS_EN_DE_DICT_DEFAULT_PARAM/vedmp7blfo
INFO - 11/20/22 14:53:50 - 0:00:12 - Loaded 200000 pre-trained word embeddings.
INFO - 11/20/22 14:53:56 - 0:00:18 - Loaded 90509 pre-trained word embeddings.
INFO - 11/20/22 14:53:57 - 0:00:18 - Found 13688 pairs of words in the dictionary (4944 unique). 989 other pairs contained at least one unknown word (10 in lang1, 989 in lang2)
INFO - 11/20/22 14:53:57 - 0:00:18 - Validation metric: precision_at_1-csls_knn_10
INFO - 11/20/22 14:53:57 - 0:00:18 - Starting iteration 0...
INFO - 11/20/22 14:53:58 - 0:00:19 - Found 3334 pairs of words in the dictionary (1460 unique). 326 other pairs contained at least one unknown word (0 in lang1, 326 in lang2)
INFO - 11/20/22 14:53:59 - 0:00:21 - 1460 source words - nn - Precision at k = 1: 6.369863
INFO - 11/20/22 14:53:59 - 0:00:21 - 1460 source words - nn - Precision at k = 5: 15.479452
INFO - 11/20/22 14:53:59 - 0:00:21 - 1460 source words - nn - Precision at k = 10: 20.342466
INFO - 11/20/22 14:54:00 - 0:00:21 - Found 3334 pairs of words in the dictionary (1460 unique). 326 other pairs contained at least one unknown word (0 in lang1, 326 in lang2)
INFO - 11/20/22 14:56:58 - 0:03:20 - 1460 source words - csls_knn_10 - Precision at k = 1: 7.191781
INFO - 11/20/22 14:56:58 - 0:03:20 - 1460 source words - csls_knn_10 - Precision at k = 5: 15.821918
INFO - 11/20/22 14:56:58 - 0:03:20 - 1460 source words - csls_knn_10 - Precision at k = 10: 20.342466
INFO - 11/20/22 14:57:32 - 0:03:53 - Building the train dictionary ...
INFO - 11/20/22 14:57:32 - 0:03:53 - New train dictionary of 8340 pairs.
INFO - 11/20/22 14:57:32 - 0:03:53 - Mean cosine (nn method, S2T build, 10000 max size): 0.49018
INFO - 11/20/22 15:04:38 - 0:10:59 - Building the train dictionary ...
INFO - 11/20/22 15:04:38 - 0:10:59 - New train dictionary of 5629 pairs.
INFO - 11/20/22 15:04:38 - 0:10:59 - Mean cosine (csls_knn_10 method, S2T build, 10000 max size): 0.51450
INFO - 11/20/22 15:04:38 - 0:10:59 - __log__:{"n_iter": 0, "precision_at_1-nn": 6.36986301369863, "precision_at_5-nn": 15.479452054794521, "precision_at_10-nn": 20.34246575342466, "precision_at_1-csls_knn_10": 7.191780821917808, "precision_at_5-csls_knn_10": 15.821917808219176, "precision_at_10-csls_knn_10": 20.34246575342466, "mean_cosine-nn-S2T-10000": 0.4901827871799469, "mean_cosine-csls_knn_10-S2T-10000": 0.5145031213760376}
INFO - 11/20/22 15:04:38 - 0:10:59 - * Best value for "precision_at_1-csls_knn_10": 7.19178
INFO - 11/20/22 15:04:38 - 0:10:59 - * Saving the mapping to /u/halle/ralev/home_at/Desktop/Hiwi/multilingual-embeddings-anchors/MUSE/dumped/EN_DE_MODELS_EN_DE_DICT_DEFAULT_PARAM/vedmp7blfo/best_mapping.pth ...
INFO - 11/20/22 15:04:38 - 0:10:59 - End of iteration 0.
                                     
                                     
INFO - 11/20/22 15:04:38 - 0:10:59 - Starting iteration 1...
INFO - 11/20/22 15:04:38 - 0:11:00 - Building the train dictionary ...
INFO - 11/20/22 15:11:43 - 0:18:05 - New train dictionary of 1625 pairs.
INFO - 11/20/22 15:11:44 - 0:18:06 - Found 3334 pairs of words in the dictionary (1460 unique). 326 other pairs contained at least one unknown word (0 in lang1, 326 in lang2)
INFO - 11/20/22 15:11:46 - 0:18:07 - 1460 source words - nn - Precision at k = 1: 5.753425
INFO - 11/20/22 15:11:46 - 0:18:07 - 1460 source words - nn - Precision at k = 5: 14.520548
INFO - 11/20/22 15:11:46 - 0:18:07 - 1460 source words - nn - Precision at k = 10: 19.109589
INFO - 11/20/22 15:11:46 - 0:18:07 - Found 3334 pairs of words in the dictionary (1460 unique). 326 other pairs contained at least one unknown word (0 in lang1, 326 in lang2)
INFO - 11/20/22 15:15:02 - 0:21:23 - 1460 source words - csls_knn_10 - Precision at k = 1: 6.164384
INFO - 11/20/22 15:15:02 - 0:21:23 - 1460 source words - csls_knn_10 - Precision at k = 5: 13.835616
INFO - 11/20/22 15:15:02 - 0:21:23 - 1460 source words - csls_knn_10 - Precision at k = 10: 17.602740
INFO - 11/20/22 15:15:40 - 0:22:01 - Building the train dictionary ...
INFO - 11/20/22 15:15:40 - 0:22:01 - New train dictionary of 8120 pairs.
INFO - 11/20/22 15:15:40 - 0:22:01 - Mean cosine (nn method, S2T build, 10000 max size): 0.48729
INFO - 11/20/22 15:22:54 - 0:29:16 - Building the train dictionary ...
INFO - 11/20/22 15:22:54 - 0:29:16 - New train dictionary of 5214 pairs.
INFO - 11/20/22 15:22:54 - 0:29:16 - Mean cosine (csls_knn_10 method, S2T build, 10000 max size): 0.52492
INFO - 11/20/22 15:22:54 - 0:29:16 - __log__:{"n_iter": 1, "precision_at_1-nn": 5.7534246575342465, "precision_at_5-nn": 14.520547945205479, "precision_at_10-nn": 19.10958904109589, "precision_at_1-csls_knn_10": 6.164383561643835, "precision_at_5-csls_knn_10": 13.835616438356164, "precision_at_10-csls_knn_10": 17.602739726027398, "mean_cosine-nn-S2T-10000": 0.48729193210601807, "mean_cosine-csls_knn_10-S2T-10000": 0.5249234437942505}
INFO - 11/20/22 15:22:54 - 0:29:16 - End of iteration 1.
                                     
                                     
INFO - 11/20/22 15:22:54 - 0:29:16 - Starting iteration 2...
INFO - 11/20/22 15:22:55 - 0:29:16 - Building the train dictionary ...
INFO - 11/20/22 15:30:59 - 0:37:21 - New train dictionary of 1675 pairs.
INFO - 11/20/22 15:31:00 - 0:37:22 - Found 3334 pairs of words in the dictionary (1460 unique). 326 other pairs contained at least one unknown word (0 in lang1, 326 in lang2)
INFO - 11/20/22 15:31:02 - 0:37:23 - 1460 source words - nn - Precision at k = 1: 6.506849
INFO - 11/20/22 15:31:02 - 0:37:23 - 1460 source words - nn - Precision at k = 5: 14.589041
INFO - 11/20/22 15:31:02 - 0:37:23 - 1460 source words - nn - Precision at k = 10: 18.698630
INFO - 11/20/22 15:31:02 - 0:37:23 - Found 3334 pairs of words in the dictionary (1460 unique). 326 other pairs contained at least one unknown word (0 in lang1, 326 in lang2)
INFO - 11/20/22 15:34:37 - 0:40:59 - 1460 source words - csls_knn_10 - Precision at k = 1: 6.164384
INFO - 11/20/22 15:34:37 - 0:40:59 - 1460 source words - csls_knn_10 - Precision at k = 5: 13.630137
INFO - 11/20/22 15:34:37 - 0:40:59 - 1460 source words - csls_knn_10 - Precision at k = 10: 16.986301
INFO - 11/20/22 15:35:18 - 0:41:39 - Building the train dictionary ...
INFO - 11/20/22 15:35:18 - 0:41:39 - New train dictionary of 7948 pairs.
INFO - 11/20/22 15:35:18 - 0:41:39 - Mean cosine (nn method, S2T build, 10000 max size): 0.48865
INFO - 11/20/22 15:43:06 - 0:49:27 - Building the train dictionary ...
INFO - 11/20/22 15:43:06 - 0:49:27 - New train dictionary of 5167 pairs.
INFO - 11/20/22 15:43:06 - 0:49:27 - Mean cosine (csls_knn_10 method, S2T build, 10000 max size): 0.52535
INFO - 11/20/22 15:43:06 - 0:49:27 - __log__:{"n_iter": 2, "precision_at_1-nn": 6.506849315068493, "precision_at_5-nn": 14.589041095890412, "precision_at_10-nn": 18.698630136986303, "precision_at_1-csls_knn_10": 6.164383561643835, "precision_at_5-csls_knn_10": 13.63013698630137, "precision_at_10-csls_knn_10": 16.986301369863014, "mean_cosine-nn-S2T-10000": 0.4886544942855835, "mean_cosine-csls_knn_10-S2T-10000": 0.5253481268882751}
INFO - 11/20/22 15:43:06 - 0:49:27 - End of iteration 2.
                                     
                                     
INFO - 11/20/22 15:43:06 - 0:49:27 - Starting iteration 3...
INFO - 11/20/22 15:43:06 - 0:49:28 - Building the train dictionary ...
INFO - 11/20/22 15:50:14 - 0:56:35 - New train dictionary of 1672 pairs.
INFO - 11/20/22 15:50:15 - 0:56:36 - Found 3334 pairs of words in the dictionary (1460 unique). 326 other pairs contained at least one unknown word (0 in lang1, 326 in lang2)
INFO - 11/20/22 15:50:16 - 0:56:38 - 1460 source words - nn - Precision at k = 1: 6.164384
INFO - 11/20/22 15:50:16 - 0:56:38 - 1460 source words - nn - Precision at k = 5: 14.315068
INFO - 11/20/22 15:50:16 - 0:56:38 - 1460 source words - nn - Precision at k = 10: 18.356164
INFO - 11/20/22 15:50:16 - 0:56:38 - Found 3334 pairs of words in the dictionary (1460 unique). 326 other pairs contained at least one unknown word (0 in lang1, 326 in lang2)
INFO - 11/20/22 15:53:29 - 0:59:50 - 1460 source words - csls_knn_10 - Precision at k = 1: 6.027397
INFO - 11/20/22 15:53:29 - 0:59:50 - 1460 source words - csls_knn_10 - Precision at k = 5: 12.876712
INFO - 11/20/22 15:53:29 - 0:59:50 - 1460 source words - csls_knn_10 - Precision at k = 10: 16.506849
INFO - 11/20/22 15:54:05 - 1:00:27 - Building the train dictionary ...
INFO - 11/20/22 15:54:05 - 1:00:27 - New train dictionary of 7954 pairs.
INFO - 11/20/22 15:54:05 - 1:00:27 - Mean cosine (nn method, S2T build, 10000 max size): 0.48743
INFO - 11/20/22 16:01:10 - 1:07:31 - Building the train dictionary ...
INFO - 11/20/22 16:01:10 - 1:07:31 - New train dictionary of 5136 pairs.
INFO - 11/20/22 16:01:10 - 1:07:31 - Mean cosine (csls_knn_10 method, S2T build, 10000 max size): 0.52557
INFO - 11/20/22 16:01:10 - 1:07:31 - __log__:{"n_iter": 3, "precision_at_1-nn": 6.164383561643835, "precision_at_5-nn": 14.315068493150685, "precision_at_10-nn": 18.356164383561644, "precision_at_1-csls_knn_10": 6.027397260273973, "precision_at_5-csls_knn_10": 12.876712328767123, "precision_at_10-csls_knn_10": 16.506849315068493, "mean_cosine-nn-S2T-10000": 0.4874333441257477, "mean_cosine-csls_knn_10-S2T-10000": 0.5255663990974426}
INFO - 11/20/22 16:01:10 - 1:07:31 - End of iteration 3.
                                     
                                     
INFO - 11/20/22 16:01:10 - 1:07:31 - Starting iteration 4...
INFO - 11/20/22 16:01:11 - 1:07:32 - Building the train dictionary ...
INFO - 11/20/22 16:08:33 - 1:14:55 - New train dictionary of 1694 pairs.
INFO - 11/20/22 16:08:34 - 1:14:55 - Found 3334 pairs of words in the dictionary (1460 unique). 326 other pairs contained at least one unknown word (0 in lang1, 326 in lang2)
INFO - 11/20/22 16:08:36 - 1:14:57 - 1460 source words - nn - Precision at k = 1: 6.095890
INFO - 11/20/22 16:08:36 - 1:14:57 - 1460 source words - nn - Precision at k = 5: 13.972603
INFO - 11/20/22 16:08:36 - 1:14:57 - 1460 source words - nn - Precision at k = 10: 18.082192
INFO - 11/20/22 16:08:36 - 1:14:57 - Found 3334 pairs of words in the dictionary (1460 unique). 326 other pairs contained at least one unknown word (0 in lang1, 326 in lang2)
