INFO - 12/12/22 15:09:11 - 0:00:00 - ============ Initialized logger ============
INFO - 12/12/22 15:09:11 - 0:00:00 - cuda: False
                                     dico_eval: data/dictionaries/en_de/en-de.5000-6500.txt
                                     emb_dim: 300
                                     exp_id: 
                                     exp_name: anchors_identicals
                                     exp_path: /u/halle/ralev/home_at/Desktop/Hiwi/multilingual-embeddings-anchors/MUSE/dumped/anchors_identicals/4ocjb4378d
                                     max_vocab: 200000
                                     normalize_embeddings: 
                                     src_emb: models/en_model.txt
                                     src_lang: de
                                     tgt_emb: models/anchor_de_en_cbow_300_identicals_bigger_than_8.kv
                                     tgt_lang: en
                                     verbose: 2
INFO - 12/12/22 15:09:11 - 0:00:00 - The experiment will be stored in /u/halle/ralev/home_at/Desktop/Hiwi/multilingual-embeddings-anchors/MUSE/dumped/anchors_identicals/4ocjb4378d
INFO - 12/12/22 15:09:24 - 0:00:12 - Loaded 200000 pre-trained word embeddings.
INFO - 12/12/22 15:09:33 - 0:00:22 - Loaded 90509 pre-trained word embeddings.
INFO - 12/12/22 15:09:35 - 0:00:24 - Found 3334 pairs of words in the dictionary (1460 unique). 326 other pairs contained at least one unknown word (0 in lang1, 326 in lang2)
INFO - 12/12/22 15:09:38 - 0:00:27 - 1460 source words - nn - Precision at k = 1: 3.698630
INFO - 12/12/22 15:09:38 - 0:00:27 - 1460 source words - nn - Precision at k = 5: 4.589041
INFO - 12/12/22 15:09:38 - 0:00:27 - 1460 source words - nn - Precision at k = 10: 6.232877
INFO - 12/12/22 15:09:38 - 0:00:27 - Found 3334 pairs of words in the dictionary (1460 unique). 326 other pairs contained at least one unknown word (0 in lang1, 326 in lang2)
INFO - 12/12/22 15:16:27 - 0:07:15 - 1460 source words - csls_knn_10 - Precision at k = 1: 3.835616
INFO - 12/12/22 15:16:27 - 0:07:15 - 1460 source words - csls_knn_10 - Precision at k = 5: 5.273973
INFO - 12/12/22 15:16:27 - 0:07:15 - 1460 source words - csls_knn_10 - Precision at k = 10: 6.095890
