INFO - 11/20/22 16:25:36 - 0:00:00 - ============ Initialized logger ============
INFO - 11/20/22 16:25:36 - 0:00:00 - cuda: False
                                     dico_build: S2T&T2S
                                     dico_eval: data/de-en.5000-6500.txt
                                     dico_max_rank: 10000
                                     dico_max_size: 0
                                     dico_method: csls_knn_10
                                     dico_min_size: 0
                                     dico_threshold: 0
                                     dico_train: data/de-en.0-5000.txt
                                     emb_dim: 300
                                     exp_id: 
                                     exp_name: DE_EN_MODELS_DE_EN_DICT_DEFAULT_PARAM
                                     exp_path: /u/halle/ralev/home_at/Desktop/Hiwi/multilingual-embeddings-anchors/MUSE/dumped/DE_EN_MODELS_DE_EN_DICT_DEFAULT_PARAM/ljif16ic3f
                                     export: txt
                                     max_vocab: 200000
                                     n_refinement: 5
                                     normalize_embeddings: 
                                     seed: -1
                                     src_emb: models/de_model_python.txt
                                     src_lang: de
                                     tgt_emb: models/en_model_python.txt
                                     tgt_lang: en
                                     verbose: 2
INFO - 11/20/22 16:25:36 - 0:00:00 - The experiment will be stored in /u/halle/ralev/home_at/Desktop/Hiwi/multilingual-embeddings-anchors/MUSE/dumped/DE_EN_MODELS_DE_EN_DICT_DEFAULT_PARAM/ljif16ic3f
INFO - 11/20/22 16:25:41 - 0:00:05 - Loaded 90509 pre-trained word embeddings.
INFO - 11/20/22 16:25:51 - 0:00:14 - Loaded 200000 pre-trained word embeddings.
INFO - 11/20/22 16:25:51 - 0:00:15 - Found 10712 pairs of words in the dictionary (4924 unique). 154 other pairs contained at least one unknown word (113 in lang1, 45 in lang2)
INFO - 11/20/22 16:25:51 - 0:00:15 - Validation metric: precision_at_1-csls_knn_10
INFO - 11/20/22 16:25:51 - 0:00:15 - Starting iteration 0...
INFO - 11/20/22 16:25:52 - 0:00:16 - Found 2770 pairs of words in the dictionary (1460 unique). 57 other pairs contained at least one unknown word (52 in lang1, 7 in lang2)
INFO - 11/20/22 16:25:55 - 0:00:19 - 1460 source words - nn - Precision at k = 1: 3.561644
INFO - 11/20/22 16:25:55 - 0:00:19 - 1460 source words - nn - Precision at k = 5: 8.767123
INFO - 11/20/22 16:25:55 - 0:00:19 - 1460 source words - nn - Precision at k = 10: 13.013699
INFO - 11/20/22 16:25:55 - 0:00:19 - Found 2770 pairs of words in the dictionary (1460 unique). 57 other pairs contained at least one unknown word (52 in lang1, 7 in lang2)
INFO - 11/20/22 16:29:05 - 0:03:28 - 1460 source words - csls_knn_10 - Precision at k = 1: 6.095890
INFO - 11/20/22 16:29:05 - 0:03:28 - 1460 source words - csls_knn_10 - Precision at k = 5: 15.136986
INFO - 11/20/22 16:29:05 - 0:03:28 - 1460 source words - csls_knn_10 - Precision at k = 10: 20.479452
INFO - 11/20/22 16:29:42 - 0:04:05 - Building the train dictionary ...
INFO - 11/20/22 16:29:42 - 0:04:05 - New train dictionary of 8500 pairs.
INFO - 11/20/22 16:29:42 - 0:04:05 - Mean cosine (nn method, S2T build, 10000 max size): 0.53700
INFO - 11/20/22 16:36:56 - 0:11:20 - Building the train dictionary ...
INFO - 11/20/22 16:36:56 - 0:11:20 - New train dictionary of 6812 pairs.
INFO - 11/20/22 16:36:56 - 0:11:20 - Mean cosine (csls_knn_10 method, S2T build, 10000 max size): 0.53379
INFO - 11/20/22 16:36:56 - 0:11:20 - __log__:{"n_iter": 0, "precision_at_1-nn": 3.5616438356164384, "precision_at_5-nn": 8.767123287671232, "precision_at_10-nn": 13.013698630136986, "precision_at_1-csls_knn_10": 6.095890410958904, "precision_at_5-csls_knn_10": 15.136986301369863, "precision_at_10-csls_knn_10": 20.47945205479452, "mean_cosine-nn-S2T-10000": 0.5369974374771118, "mean_cosine-csls_knn_10-S2T-10000": 0.5337881445884705}
INFO - 11/20/22 16:36:56 - 0:11:20 - * Best value for "precision_at_1-csls_knn_10": 6.09589
INFO - 11/20/22 16:36:56 - 0:11:20 - * Saving the mapping to /u/halle/ralev/home_at/Desktop/Hiwi/multilingual-embeddings-anchors/MUSE/dumped/DE_EN_MODELS_DE_EN_DICT_DEFAULT_PARAM/ljif16ic3f/best_mapping.pth ...
INFO - 11/20/22 16:36:56 - 0:11:20 - End of iteration 0.
                                     
                                     
INFO - 11/20/22 16:36:56 - 0:11:20 - Starting iteration 1...
INFO - 11/20/22 16:36:56 - 0:11:20 - Building the train dictionary ...
INFO - 11/20/22 16:44:12 - 0:18:36 - New train dictionary of 1568 pairs.
INFO - 11/20/22 16:44:13 - 0:18:36 - Found 2770 pairs of words in the dictionary (1460 unique). 57 other pairs contained at least one unknown word (52 in lang1, 7 in lang2)
INFO - 11/20/22 16:44:16 - 0:18:40 - 1460 source words - nn - Precision at k = 1: 3.493151
INFO - 11/20/22 16:44:16 - 0:18:40 - 1460 source words - nn - Precision at k = 5: 8.013699
INFO - 11/20/22 16:44:16 - 0:18:40 - 1460 source words - nn - Precision at k = 10: 11.301370
INFO - 11/20/22 16:44:16 - 0:18:40 - Found 2770 pairs of words in the dictionary (1460 unique). 57 other pairs contained at least one unknown word (52 in lang1, 7 in lang2)
INFO - 11/20/22 16:47:36 - 0:22:00 - 1460 source words - csls_knn_10 - Precision at k = 1: 5.821918
INFO - 11/20/22 16:47:36 - 0:22:00 - 1460 source words - csls_knn_10 - Precision at k = 5: 13.698630
INFO - 11/20/22 16:47:36 - 0:22:00 - 1460 source words - csls_knn_10 - Precision at k = 10: 17.671233
INFO - 11/20/22 16:48:15 - 0:22:39 - Building the train dictionary ...
INFO - 11/20/22 16:48:15 - 0:22:39 - New train dictionary of 9171 pairs.
INFO - 11/20/22 16:48:15 - 0:22:39 - Mean cosine (nn method, S2T build, 10000 max size): 0.54883
INFO - 11/20/22 16:55:26 - 0:29:50 - Building the train dictionary ...
INFO - 11/20/22 16:55:26 - 0:29:50 - New train dictionary of 7547 pairs.
INFO - 11/20/22 16:55:26 - 0:29:50 - Mean cosine (csls_knn_10 method, S2T build, 10000 max size): 0.54559
INFO - 11/20/22 16:55:26 - 0:29:50 - __log__:{"n_iter": 1, "precision_at_1-nn": 3.493150684931507, "precision_at_5-nn": 8.013698630136986, "precision_at_10-nn": 11.301369863013697, "precision_at_1-csls_knn_10": 5.821917808219178, "precision_at_5-csls_knn_10": 13.698630136986301, "precision_at_10-csls_knn_10": 17.671232876712327, "mean_cosine-nn-S2T-10000": 0.5488336682319641, "mean_cosine-csls_knn_10-S2T-10000": 0.5455887317657471}
INFO - 11/20/22 16:55:26 - 0:29:50 - End of iteration 1.
                                     
                                     
INFO - 11/20/22 16:55:26 - 0:29:50 - Starting iteration 2...
INFO - 11/20/22 16:55:26 - 0:29:50 - Building the train dictionary ...
INFO - 11/20/22 17:02:34 - 0:36:57 - New train dictionary of 1644 pairs.
INFO - 11/20/22 17:02:34 - 0:36:58 - Found 2770 pairs of words in the dictionary (1460 unique). 57 other pairs contained at least one unknown word (52 in lang1, 7 in lang2)
INFO - 11/20/22 17:02:37 - 0:37:01 - 1460 source words - nn - Precision at k = 1: 3.219178
INFO - 11/20/22 17:02:37 - 0:37:01 - 1460 source words - nn - Precision at k = 5: 7.671233
INFO - 11/20/22 17:02:37 - 0:37:01 - 1460 source words - nn - Precision at k = 10: 10.684932
INFO - 11/20/22 17:02:37 - 0:37:01 - Found 2770 pairs of words in the dictionary (1460 unique). 57 other pairs contained at least one unknown word (52 in lang1, 7 in lang2)
INFO - 11/20/22 17:05:49 - 0:40:13 - 1460 source words - csls_knn_10 - Precision at k = 1: 5.547945
INFO - 11/20/22 17:05:49 - 0:40:13 - 1460 source words - csls_knn_10 - Precision at k = 5: 12.191781
INFO - 11/20/22 17:05:49 - 0:40:13 - 1460 source words - csls_knn_10 - Precision at k = 10: 16.369863
INFO - 11/20/22 17:06:24 - 0:40:47 - Building the train dictionary ...
INFO - 11/20/22 17:06:24 - 0:40:47 - New train dictionary of 9134 pairs.
INFO - 11/20/22 17:06:24 - 0:40:47 - Mean cosine (nn method, S2T build, 10000 max size): 0.55422
INFO - 11/20/22 17:13:21 - 0:47:45 - Building the train dictionary ...
INFO - 11/20/22 17:13:21 - 0:47:45 - New train dictionary of 7600 pairs.
INFO - 11/20/22 17:13:21 - 0:47:45 - Mean cosine (csls_knn_10 method, S2T build, 10000 max size): 0.55008
INFO - 11/20/22 17:13:21 - 0:47:45 - __log__:{"n_iter": 2, "precision_at_1-nn": 3.219178082191781, "precision_at_5-nn": 7.671232876712329, "precision_at_10-nn": 10.684931506849315, "precision_at_1-csls_knn_10": 5.5479452054794525, "precision_at_5-csls_knn_10": 12.191780821917808, "precision_at_10-csls_knn_10": 16.36986301369863, "mean_cosine-nn-S2T-10000": 0.554218053817749, "mean_cosine-csls_knn_10-S2T-10000": 0.55008465051651}
INFO - 11/20/22 17:13:21 - 0:47:45 - End of iteration 2.
                                     
                                     
INFO - 11/20/22 17:13:21 - 0:47:45 - Starting iteration 3...
INFO - 11/20/22 17:13:21 - 0:47:45 - Building the train dictionary ...
INFO - 11/20/22 17:20:21 - 0:54:45 - New train dictionary of 1651 pairs.
INFO - 11/20/22 17:20:22 - 0:54:45 - Found 2770 pairs of words in the dictionary (1460 unique). 57 other pairs contained at least one unknown word (52 in lang1, 7 in lang2)
INFO - 11/20/22 17:20:24 - 0:54:48 - 1460 source words - nn - Precision at k = 1: 3.082192
INFO - 11/20/22 17:20:24 - 0:54:48 - 1460 source words - nn - Precision at k = 5: 7.671233
INFO - 11/20/22 17:20:24 - 0:54:48 - 1460 source words - nn - Precision at k = 10: 10.958904
INFO - 11/20/22 17:20:25 - 0:54:48 - Found 2770 pairs of words in the dictionary (1460 unique). 57 other pairs contained at least one unknown word (52 in lang1, 7 in lang2)
INFO - 11/20/22 17:23:36 - 0:58:00 - 1460 source words - csls_knn_10 - Precision at k = 1: 5.273973
INFO - 11/20/22 17:23:36 - 0:58:00 - 1460 source words - csls_knn_10 - Precision at k = 5: 11.780822
INFO - 11/20/22 17:23:36 - 0:58:00 - 1460 source words - csls_knn_10 - Precision at k = 10: 16.164384
INFO - 11/20/22 17:24:10 - 0:58:34 - Building the train dictionary ...
INFO - 11/20/22 17:24:10 - 0:58:34 - New train dictionary of 9126 pairs.
INFO - 11/20/22 17:24:10 - 0:58:34 - Mean cosine (nn method, S2T build, 10000 max size): 0.55744
INFO - 11/20/22 17:31:07 - 1:05:31 - Building the train dictionary ...
INFO - 11/20/22 17:31:07 - 1:05:31 - New train dictionary of 7539 pairs.
INFO - 11/20/22 17:31:07 - 1:05:31 - Mean cosine (csls_knn_10 method, S2T build, 10000 max size): 0.55389
INFO - 11/20/22 17:31:07 - 1:05:31 - __log__:{"n_iter": 3, "precision_at_1-nn": 3.0821917808219177, "precision_at_5-nn": 7.671232876712329, "precision_at_10-nn": 10.95890410958904, "precision_at_1-csls_knn_10": 5.273972602739726, "precision_at_5-csls_knn_10": 11.78082191780822, "precision_at_10-csls_knn_10": 16.164383561643834, "mean_cosine-nn-S2T-10000": 0.5574429631233215, "mean_cosine-csls_knn_10-S2T-10000": 0.5538883209228516}
INFO - 11/20/22 17:31:07 - 1:05:31 - End of iteration 3.
                                     
                                     
INFO - 11/20/22 17:31:07 - 1:05:31 - Starting iteration 4...
INFO - 11/20/22 17:31:08 - 1:05:31 - Building the train dictionary ...
INFO - 11/20/22 17:39:07 - 1:13:31 - New train dictionary of 1673 pairs.
INFO - 11/20/22 17:39:07 - 1:13:31 - Found 2770 pairs of words in the dictionary (1460 unique). 57 other pairs contained at least one unknown word (52 in lang1, 7 in lang2)
INFO - 11/20/22 17:39:11 - 1:13:34 - 1460 source words - nn - Precision at k = 1: 2.808219
INFO - 11/20/22 17:39:11 - 1:13:34 - 1460 source words - nn - Precision at k = 5: 7.397260
INFO - 11/20/22 17:39:11 - 1:13:34 - 1460 source words - nn - Precision at k = 10: 10.479452
INFO - 11/20/22 17:39:11 - 1:13:35 - Found 2770 pairs of words in the dictionary (1460 unique). 57 other pairs contained at least one unknown word (52 in lang1, 7 in lang2)
INFO - 11/20/22 17:42:55 - 1:17:19 - 1460 source words - csls_knn_10 - Precision at k = 1: 5.342466
INFO - 11/20/22 17:42:55 - 1:17:19 - 1460 source words - csls_knn_10 - Precision at k = 5: 12.054795
INFO - 11/20/22 17:42:55 - 1:17:19 - 1460 source words - csls_knn_10 - Precision at k = 10: 15.753425
INFO - 11/20/22 17:43:32 - 1:17:56 - Building the train dictionary ...
INFO - 11/20/22 17:43:32 - 1:17:56 - New train dictionary of 9153 pairs.
INFO - 11/20/22 17:43:32 - 1:17:56 - Mean cosine (nn method, S2T build, 10000 max size): 0.55902
INFO - 11/20/22 17:50:37 - 1:25:00 - Building the train dictionary ...
INFO - 11/20/22 17:50:37 - 1:25:00 - New train dictionary of 7571 pairs.
INFO - 11/20/22 17:50:37 - 1:25:00 - Mean cosine (csls_knn_10 method, S2T build, 10000 max size): 0.55532
INFO - 11/20/22 17:50:37 - 1:25:00 - __log__:{"n_iter": 4, "precision_at_1-nn": 2.808219178082192, "precision_at_5-nn": 7.397260273972603, "precision_at_10-nn": 10.479452054794521, "precision_at_1-csls_knn_10": 5.342465753424658, "precision_at_5-csls_knn_10": 12.054794520547945, "precision_at_10-csls_knn_10": 15.753424657534246, "mean_cosine-nn-S2T-10000": 0.5590152740478516, "mean_cosine-csls_knn_10-S2T-10000": 0.5553175210952759}
INFO - 11/20/22 17:50:37 - 1:25:00 - End of iteration 4.
                                     
                                     
INFO - 11/20/22 17:50:37 - 1:25:00 - Starting iteration 5...
INFO - 11/20/22 17:50:37 - 1:25:01 - Building the train dictionary ...
INFO - 11/20/22 17:57:40 - 1:32:03 - New train dictionary of 1679 pairs.
INFO - 11/20/22 17:57:40 - 1:32:04 - Found 2770 pairs of words in the dictionary (1460 unique). 57 other pairs contained at least one unknown word (52 in lang1, 7 in lang2)
INFO - 11/20/22 17:57:43 - 1:32:07 - 1460 source words - nn - Precision at k = 1: 2.945205
INFO - 11/20/22 17:57:43 - 1:32:07 - 1460 source words - nn - Precision at k = 5: 7.397260
INFO - 11/20/22 17:57:43 - 1:32:07 - 1460 source words - nn - Precision at k = 10: 10.342466
INFO - 11/20/22 17:57:43 - 1:32:07 - Found 2770 pairs of words in the dictionary (1460 unique). 57 other pairs contained at least one unknown word (52 in lang1, 7 in lang2)
INFO - 11/20/22 18:01:05 - 1:35:28 - 1460 source words - csls_knn_10 - Precision at k = 1: 5.342466
INFO - 11/20/22 18:01:05 - 1:35:28 - 1460 source words - csls_knn_10 - Precision at k = 5: 11.917808
INFO - 11/20/22 18:01:05 - 1:35:28 - 1460 source words - csls_knn_10 - Precision at k = 10: 15.479452
INFO - 11/20/22 18:01:42 - 1:36:06 - Building the train dictionary ...
INFO - 11/20/22 18:01:42 - 1:36:06 - New train dictionary of 9166 pairs.
INFO - 11/20/22 18:01:42 - 1:36:06 - Mean cosine (nn method, S2T build, 10000 max size): 0.55988
INFO - 11/20/22 18:08:51 - 1:43:14 - Building the train dictionary ...
INFO - 11/20/22 18:08:51 - 1:43:14 - New train dictionary of 7533 pairs.
INFO - 11/20/22 18:08:51 - 1:43:14 - Mean cosine (csls_knn_10 method, S2T build, 10000 max size): 0.55652
INFO - 11/20/22 18:08:51 - 1:43:14 - __log__:{"n_iter": 5, "precision_at_1-nn": 2.945205479452055, "precision_at_5-nn": 7.397260273972603, "precision_at_10-nn": 10.342465753424658, "precision_at_1-csls_knn_10": 5.342465753424658, "precision_at_5-csls_knn_10": 11.917808219178081, "precision_at_10-csls_knn_10": 15.479452054794521, "mean_cosine-nn-S2T-10000": 0.5598849058151245, "mean_cosine-csls_knn_10-S2T-10000": 0.5565190315246582}
INFO - 11/20/22 18:08:51 - 1:43:14 - End of iteration 5.
                                     
                                     
INFO - 11/20/22 18:08:51 - 1:43:14 - * Reloading the best model from /u/halle/ralev/home_at/Desktop/Hiwi/multilingual-embeddings-anchors/MUSE/dumped/DE_EN_MODELS_DE_EN_DICT_DEFAULT_PARAM/ljif16ic3f/best_mapping.pth ...
INFO - 11/20/22 18:08:51 - 1:43:15 - Reloading all embeddings for mapping ...
INFO - 11/20/22 18:08:55 - 1:43:19 - Loaded 90509 pre-trained word embeddings.
INFO - 11/20/22 18:11:13 - 1:45:36 - Loaded 2229285 pre-trained word embeddings.
