INFO - 11/20/22 12:51:20 - 0:00:00 - ============ Initialized logger ============
INFO - 11/20/22 12:51:20 - 0:00:00 - cuda: False
                                     dico_build: S2T&T2S
                                     dico_eval: data/de-en.5000-6500.txt
                                     dico_max_rank: 10000
                                     dico_max_size: 0
                                     dico_method: csls_knn_10
                                     dico_min_size: 0
                                     dico_threshold: 0
                                     dico_train: data/de-en.0-5000.txt
                                     emb_dim: 300
                                     exp_id: 
                                     exp_name: EN_DE_MODELS_DE_EN_DICT_DEFAULT_PARAM
                                     exp_path: /u/halle/ralev/home_at/Desktop/Hiwi/multilingual-embeddings-anchors/MUSE/dumped/EN_DE_MODELS_DE_EN_DICT_DEFAULT_PARAM/w1gvvv82je
                                     export: txt
                                     max_vocab: 200000
                                     n_refinement: 5
                                     normalize_embeddings: 
                                     seed: -1
                                     src_emb: models/en_model_python.txt
                                     src_lang: en
                                     tgt_emb: models/de_model_python.txt
                                     tgt_lang: de
                                     verbose: 2
INFO - 11/20/22 12:51:20 - 0:00:00 - The experiment will be stored in /u/halle/ralev/home_at/Desktop/Hiwi/multilingual-embeddings-anchors/MUSE/dumped/EN_DE_MODELS_DE_EN_DICT_DEFAULT_PARAM/w1gvvv82je
INFO - 11/20/22 12:51:31 - 0:00:11 - Loaded 200000 pre-trained word embeddings.
INFO - 11/20/22 12:51:37 - 0:00:17 - Loaded 90509 pre-trained word embeddings.
INFO - 11/20/22 12:51:38 - 0:00:18 - Found 3186 pairs of words in the dictionary (2103 unique). 7680 other pairs contained at least one unknown word (6575 in lang1, 5472 in lang2)
INFO - 11/20/22 12:51:38 - 0:00:18 - Validation metric: precision_at_1-csls_knn_10
INFO - 11/20/22 12:51:38 - 0:00:18 - Starting iteration 0...
INFO - 11/20/22 12:51:39 - 0:00:19 - Found 688 pairs of words in the dictionary (575 unique). 2139 other pairs contained at least one unknown word (1928 in lang1, 1540 in lang2)
INFO - 11/20/22 12:51:39 - 0:00:19 - 575 source words - nn - Precision at k = 1: 0.347826
INFO - 11/20/22 12:51:39 - 0:00:19 - 575 source words - nn - Precision at k = 5: 1.391304
INFO - 11/20/22 12:51:39 - 0:00:19 - 575 source words - nn - Precision at k = 10: 2.608696
INFO - 11/20/22 12:51:39 - 0:00:19 - Found 688 pairs of words in the dictionary (575 unique). 2139 other pairs contained at least one unknown word (1928 in lang1, 1540 in lang2)
INFO - 11/20/22 12:54:30 - 0:03:10 - 575 source words - csls_knn_10 - Precision at k = 1: 0.347826
INFO - 11/20/22 12:54:30 - 0:03:10 - 575 source words - csls_knn_10 - Precision at k = 5: 1.217391
INFO - 11/20/22 12:54:30 - 0:03:10 - 575 source words - csls_knn_10 - Precision at k = 10: 2.260870
INFO - 11/20/22 12:55:02 - 0:03:42 - Building the train dictionary ...
INFO - 11/20/22 12:55:02 - 0:03:42 - New train dictionary of 6216 pairs.
INFO - 11/20/22 12:55:02 - 0:03:42 - Mean cosine (nn method, S2T build, 10000 max size): 0.40359
INFO - 11/20/22 13:01:43 - 0:10:23 - Building the train dictionary ...
INFO - 11/20/22 13:01:43 - 0:10:23 - New train dictionary of 3336 pairs.
INFO - 11/20/22 13:01:43 - 0:10:23 - Mean cosine (csls_knn_10 method, S2T build, 10000 max size): 0.42249
INFO - 11/20/22 13:01:43 - 0:10:23 - __log__:{"n_iter": 0, "precision_at_1-nn": 0.34782608695652173, "precision_at_5-nn": 1.391304347826087, "precision_at_10-nn": 2.608695652173913, "precision_at_1-csls_knn_10": 0.34782608695652173, "precision_at_5-csls_knn_10": 1.2173913043478262, "precision_at_10-csls_knn_10": 2.2608695652173916, "mean_cosine-nn-S2T-10000": 0.4035932719707489, "mean_cosine-csls_knn_10-S2T-10000": 0.42248985171318054}
INFO - 11/20/22 13:01:43 - 0:10:23 - * Best value for "precision_at_1-csls_knn_10": 0.34783
INFO - 11/20/22 13:01:43 - 0:10:23 - * Saving the mapping to /u/halle/ralev/home_at/Desktop/Hiwi/multilingual-embeddings-anchors/MUSE/dumped/EN_DE_MODELS_DE_EN_DICT_DEFAULT_PARAM/w1gvvv82je/best_mapping.pth ...
INFO - 11/20/22 13:01:43 - 0:10:23 - End of iteration 0.
                                     
                                     
INFO - 11/20/22 13:01:43 - 0:10:23 - Starting iteration 1...
INFO - 11/20/22 13:01:43 - 0:10:23 - Building the train dictionary ...
INFO - 11/20/22 13:08:44 - 0:17:24 - New train dictionary of 518 pairs.
INFO - 11/20/22 13:08:45 - 0:17:25 - Found 688 pairs of words in the dictionary (575 unique). 2139 other pairs contained at least one unknown word (1928 in lang1, 1540 in lang2)
INFO - 11/20/22 13:08:45 - 0:17:25 - 575 source words - nn - Precision at k = 1: 0.521739
INFO - 11/20/22 13:08:45 - 0:17:25 - 575 source words - nn - Precision at k = 5: 1.217391
INFO - 11/20/22 13:08:45 - 0:17:25 - 575 source words - nn - Precision at k = 10: 2.782609
INFO - 11/20/22 13:08:45 - 0:17:25 - Found 688 pairs of words in the dictionary (575 unique). 2139 other pairs contained at least one unknown word (1928 in lang1, 1540 in lang2)
INFO - 11/20/22 13:11:52 - 0:20:32 - 575 source words - csls_knn_10 - Precision at k = 1: 0.173913
INFO - 11/20/22 13:11:52 - 0:20:32 - 575 source words - csls_knn_10 - Precision at k = 5: 0.869565
INFO - 11/20/22 13:11:52 - 0:20:32 - 575 source words - csls_knn_10 - Precision at k = 10: 1.913043
INFO - 11/20/22 13:12:28 - 0:21:08 - Building the train dictionary ...
INFO - 11/20/22 13:12:28 - 0:21:08 - New train dictionary of 7232 pairs.
INFO - 11/20/22 13:12:28 - 0:21:08 - Mean cosine (nn method, S2T build, 10000 max size): 0.46004
INFO - 11/20/22 13:19:41 - 0:28:21 - Building the train dictionary ...
INFO - 11/20/22 13:19:41 - 0:28:21 - New train dictionary of 3774 pairs.
INFO - 11/20/22 13:19:41 - 0:28:21 - Mean cosine (csls_knn_10 method, S2T build, 10000 max size): 0.50102
INFO - 11/20/22 13:19:41 - 0:28:21 - __log__:{"n_iter": 1, "precision_at_1-nn": 0.5217391304347827, "precision_at_5-nn": 1.2173913043478262, "precision_at_10-nn": 2.782608695652174, "precision_at_1-csls_knn_10": 0.17391304347826086, "precision_at_5-csls_knn_10": 0.8695652173913043, "precision_at_10-csls_knn_10": 1.9130434782608694, "mean_cosine-nn-S2T-10000": 0.4600387215614319, "mean_cosine-csls_knn_10-S2T-10000": 0.5010150074958801}
INFO - 11/20/22 13:19:41 - 0:28:21 - End of iteration 1.
                                     
                                     
INFO - 11/20/22 13:19:41 - 0:28:21 - Starting iteration 2...
INFO - 11/20/22 13:19:42 - 0:28:22 - Building the train dictionary ...
INFO - 11/20/22 13:26:48 - 0:35:29 - New train dictionary of 918 pairs.
INFO - 11/20/22 13:26:49 - 0:35:29 - Found 688 pairs of words in the dictionary (575 unique). 2139 other pairs contained at least one unknown word (1928 in lang1, 1540 in lang2)
INFO - 11/20/22 13:26:50 - 0:35:30 - 575 source words - nn - Precision at k = 1: 0.000000
INFO - 11/20/22 13:26:50 - 0:35:30 - 575 source words - nn - Precision at k = 5: 1.217391
INFO - 11/20/22 13:26:50 - 0:35:30 - 575 source words - nn - Precision at k = 10: 3.130435
INFO - 11/20/22 13:26:50 - 0:35:30 - Found 688 pairs of words in the dictionary (575 unique). 2139 other pairs contained at least one unknown word (1928 in lang1, 1540 in lang2)
INFO - 11/20/22 13:30:00 - 0:38:40 - 575 source words - csls_knn_10 - Precision at k = 1: 0.000000
INFO - 11/20/22 13:30:00 - 0:38:40 - 575 source words - csls_knn_10 - Precision at k = 5: 1.217391
INFO - 11/20/22 13:30:00 - 0:38:40 - 575 source words - csls_knn_10 - Precision at k = 10: 2.434783
INFO - 11/20/22 13:30:42 - 0:39:22 - Building the train dictionary ...
INFO - 11/20/22 13:30:42 - 0:39:22 - New train dictionary of 7318 pairs.
INFO - 11/20/22 13:30:42 - 0:39:22 - Mean cosine (nn method, S2T build, 10000 max size): 0.47215
INFO - 11/20/22 13:37:48 - 0:46:28 - Building the train dictionary ...
INFO - 11/20/22 13:37:48 - 0:46:28 - New train dictionary of 3943 pairs.
INFO - 11/20/22 13:37:48 - 0:46:28 - Mean cosine (csls_knn_10 method, S2T build, 10000 max size): 0.51887
INFO - 11/20/22 13:37:48 - 0:46:28 - __log__:{"n_iter": 2, "precision_at_1-nn": 0.0, "precision_at_5-nn": 1.2173913043478262, "precision_at_10-nn": 3.130434782608696, "precision_at_1-csls_knn_10": 0.0, "precision_at_5-csls_knn_10": 1.2173913043478262, "precision_at_10-csls_knn_10": 2.4347826086956523, "mean_cosine-nn-S2T-10000": 0.4721543788909912, "mean_cosine-csls_knn_10-S2T-10000": 0.5188748240470886}
INFO - 11/20/22 13:37:48 - 0:46:28 - End of iteration 2.
                                     
                                     
INFO - 11/20/22 13:37:48 - 0:46:28 - Starting iteration 3...
INFO - 11/20/22 13:37:48 - 0:46:28 - Building the train dictionary ...
INFO - 11/20/22 13:44:42 - 0:53:23 - New train dictionary of 1137 pairs.
INFO - 11/20/22 13:44:43 - 0:53:24 - Found 688 pairs of words in the dictionary (575 unique). 2139 other pairs contained at least one unknown word (1928 in lang1, 1540 in lang2)
INFO - 11/20/22 13:44:44 - 0:53:24 - 575 source words - nn - Precision at k = 1: 0.347826
INFO - 11/20/22 13:44:44 - 0:53:24 - 575 source words - nn - Precision at k = 5: 1.391304
INFO - 11/20/22 13:44:44 - 0:53:24 - 575 source words - nn - Precision at k = 10: 2.608696
INFO - 11/20/22 13:44:44 - 0:53:24 - Found 688 pairs of words in the dictionary (575 unique). 2139 other pairs contained at least one unknown word (1928 in lang1, 1540 in lang2)
INFO - 11/20/22 13:47:59 - 0:56:39 - 575 source words - csls_knn_10 - Precision at k = 1: 0.000000
INFO - 11/20/22 13:47:59 - 0:56:39 - 575 source words - csls_knn_10 - Precision at k = 5: 1.043478
INFO - 11/20/22 13:47:59 - 0:56:39 - 575 source words - csls_knn_10 - Precision at k = 10: 1.913043
INFO - 11/20/22 13:48:39 - 0:57:19 - Building the train dictionary ...
INFO - 11/20/22 13:48:39 - 0:57:19 - New train dictionary of 7341 pairs.
INFO - 11/20/22 13:48:39 - 0:57:19 - Mean cosine (nn method, S2T build, 10000 max size): 0.47864
INFO - 11/20/22 13:56:08 - 1:04:48 - Building the train dictionary ...
INFO - 11/20/22 13:56:08 - 1:04:48 - New train dictionary of 4090 pairs.
INFO - 11/20/22 13:56:08 - 1:04:48 - Mean cosine (csls_knn_10 method, S2T build, 10000 max size): 0.52589
INFO - 11/20/22 13:56:08 - 1:04:49 - __log__:{"n_iter": 3, "precision_at_1-nn": 0.34782608695652173, "precision_at_5-nn": 1.391304347826087, "precision_at_10-nn": 2.608695652173913, "precision_at_1-csls_knn_10": 0.0, "precision_at_5-csls_knn_10": 1.0434782608695654, "precision_at_10-csls_knn_10": 1.9130434782608694, "mean_cosine-nn-S2T-10000": 0.4786432981491089, "mean_cosine-csls_knn_10-S2T-10000": 0.5258855819702148}
INFO - 11/20/22 13:56:08 - 1:04:49 - End of iteration 3.
                                     
                                     
INFO - 11/20/22 13:56:08 - 1:04:49 - Starting iteration 4...
INFO - 11/20/22 13:56:09 - 1:04:49 - Building the train dictionary ...
INFO - 11/20/22 14:03:22 - 1:12:02 - New train dictionary of 1264 pairs.
INFO - 11/20/22 14:03:23 - 1:12:03 - Found 688 pairs of words in the dictionary (575 unique). 2139 other pairs contained at least one unknown word (1928 in lang1, 1540 in lang2)
INFO - 11/20/22 14:03:24 - 1:12:04 - 575 source words - nn - Precision at k = 1: 0.173913
INFO - 11/20/22 14:03:24 - 1:12:04 - 575 source words - nn - Precision at k = 5: 1.217391
INFO - 11/20/22 14:03:24 - 1:12:04 - 575 source words - nn - Precision at k = 10: 2.608696
INFO - 11/20/22 14:03:24 - 1:12:04 - Found 688 pairs of words in the dictionary (575 unique). 2139 other pairs contained at least one unknown word (1928 in lang1, 1540 in lang2)
INFO - 11/20/22 14:06:38 - 1:15:18 - 575 source words - csls_knn_10 - Precision at k = 1: 0.347826
INFO - 11/20/22 14:06:38 - 1:15:18 - 575 source words - csls_knn_10 - Precision at k = 5: 0.869565
INFO - 11/20/22 14:06:38 - 1:15:18 - 575 source words - csls_knn_10 - Precision at k = 10: 1.565217
INFO - 11/20/22 14:07:21 - 1:16:01 - Building the train dictionary ...
INFO - 11/20/22 14:07:21 - 1:16:01 - New train dictionary of 7327 pairs.
INFO - 11/20/22 14:07:21 - 1:16:01 - Mean cosine (nn method, S2T build, 10000 max size): 0.48181
INFO - 11/20/22 14:14:22 - 1:23:02 - Building the train dictionary ...
INFO - 11/20/22 14:14:22 - 1:23:02 - New train dictionary of 4234 pairs.
INFO - 11/20/22 14:14:22 - 1:23:02 - Mean cosine (csls_knn_10 method, S2T build, 10000 max size): 0.52549
INFO - 11/20/22 14:14:22 - 1:23:02 - __log__:{"n_iter": 4, "precision_at_1-nn": 0.17391304347826086, "precision_at_5-nn": 1.2173913043478262, "precision_at_10-nn": 2.608695652173913, "precision_at_1-csls_knn_10": 0.34782608695652173, "precision_at_5-csls_knn_10": 0.8695652173913043, "precision_at_10-csls_knn_10": 1.565217391304348, "mean_cosine-nn-S2T-10000": 0.48181450366973877, "mean_cosine-csls_knn_10-S2T-10000": 0.525492250919342}
INFO - 11/20/22 14:14:22 - 1:23:02 - End of iteration 4.
                                     
                                     
INFO - 11/20/22 14:14:22 - 1:23:02 - Starting iteration 5...
INFO - 11/20/22 14:14:23 - 1:23:03 - Building the train dictionary ...
INFO - 11/20/22 14:21:52 - 1:30:32 - New train dictionary of 1340 pairs.
INFO - 11/20/22 14:21:53 - 1:30:33 - Found 688 pairs of words in the dictionary (575 unique). 2139 other pairs contained at least one unknown word (1928 in lang1, 1540 in lang2)
INFO - 11/20/22 14:21:53 - 1:30:33 - 575 source words - nn - Precision at k = 1: 0.173913
INFO - 11/20/22 14:21:53 - 1:30:33 - 575 source words - nn - Precision at k = 5: 1.043478
INFO - 11/20/22 14:21:53 - 1:30:33 - 575 source words - nn - Precision at k = 10: 2.086957
INFO - 11/20/22 14:21:53 - 1:30:33 - Found 688 pairs of words in the dictionary (575 unique). 2139 other pairs contained at least one unknown word (1928 in lang1, 1540 in lang2)
INFO - 11/20/22 14:25:39 - 1:34:19 - 575 source words - csls_knn_10 - Precision at k = 1: 0.173913
INFO - 11/20/22 14:25:39 - 1:34:19 - 575 source words - csls_knn_10 - Precision at k = 5: 1.217391
INFO - 11/20/22 14:25:39 - 1:34:19 - 575 source words - csls_knn_10 - Precision at k = 10: 1.913043
INFO - 11/20/22 14:26:25 - 1:35:05 - Building the train dictionary ...
INFO - 11/20/22 14:26:25 - 1:35:05 - New train dictionary of 7343 pairs.
INFO - 11/20/22 14:26:25 - 1:35:06 - Mean cosine (nn method, S2T build, 10000 max size): 0.48337
INFO - 11/20/22 14:34:17 - 1:42:57 - Building the train dictionary ...
INFO - 11/20/22 14:34:17 - 1:42:57 - New train dictionary of 4256 pairs.
INFO - 11/20/22 14:34:17 - 1:42:57 - Mean cosine (csls_knn_10 method, S2T build, 10000 max size): 0.52765
INFO - 11/20/22 14:34:17 - 1:42:57 - __log__:{"n_iter": 5, "precision_at_1-nn": 0.17391304347826086, "precision_at_5-nn": 1.0434782608695654, "precision_at_10-nn": 2.086956521739131, "precision_at_1-csls_knn_10": 0.17391304347826086, "precision_at_5-csls_knn_10": 1.2173913043478262, "precision_at_10-csls_knn_10": 1.9130434782608694, "mean_cosine-nn-S2T-10000": 0.4833720922470093, "mean_cosine-csls_knn_10-S2T-10000": 0.5276503562927246}
INFO - 11/20/22 14:34:17 - 1:42:57 - End of iteration 5.
                                     
                                     
INFO - 11/20/22 14:34:17 - 1:42:57 - * Reloading the best model from /u/halle/ralev/home_at/Desktop/Hiwi/multilingual-embeddings-anchors/MUSE/dumped/EN_DE_MODELS_DE_EN_DICT_DEFAULT_PARAM/w1gvvv82je/best_mapping.pth ...
INFO - 11/20/22 14:34:17 - 1:42:57 - Reloading all embeddings for mapping ...
INFO - 11/20/22 14:36:28 - 1:45:08 - Loaded 2229285 pre-trained word embeddings.
