INFO - 12/12/22 15:09:01 - 0:00:00 - ============ Initialized logger ============
INFO - 12/12/22 15:09:01 - 0:00:00 - cuda: False
                                     dico_eval: data/dictionaries/en_de/en-de.5000-6500.txt
                                     emb_dim: 300
                                     exp_id: 
                                     exp_name: anchors_identicals
                                     exp_path: /u/halle/ralev/home_at/Desktop/Hiwi/multilingual-embeddings-anchors/MUSE/dumped/anchors_identicals/81yo0rarwg
                                     max_vocab: 200000
                                     normalize_embeddings: 
                                     src_emb: models/en_model.txt
                                     src_lang: de
                                     tgt_emb: models/anchor_de_en_cbow_300_identicals_bigger_than_7.kv
                                     tgt_lang: en
                                     verbose: 2
INFO - 12/12/22 15:09:01 - 0:00:00 - The experiment will be stored in /u/halle/ralev/home_at/Desktop/Hiwi/multilingual-embeddings-anchors/MUSE/dumped/anchors_identicals/81yo0rarwg
INFO - 12/12/22 15:09:14 - 0:00:13 - Loaded 200000 pre-trained word embeddings.
INFO - 12/12/22 15:09:21 - 0:00:20 - Loaded 90509 pre-trained word embeddings.
INFO - 12/12/22 15:09:23 - 0:00:21 - Found 3334 pairs of words in the dictionary (1460 unique). 326 other pairs contained at least one unknown word (0 in lang1, 326 in lang2)
INFO - 12/12/22 15:09:25 - 0:00:24 - 1460 source words - nn - Precision at k = 1: 5.068493
INFO - 12/12/22 15:09:25 - 0:00:24 - 1460 source words - nn - Precision at k = 5: 6.438356
INFO - 12/12/22 15:09:25 - 0:00:24 - 1460 source words - nn - Precision at k = 10: 7.328767
INFO - 12/12/22 15:09:25 - 0:00:24 - Found 3334 pairs of words in the dictionary (1460 unique). 326 other pairs contained at least one unknown word (0 in lang1, 326 in lang2)
INFO - 12/12/22 15:16:08 - 0:07:07 - 1460 source words - csls_knn_10 - Precision at k = 1: 5.273973
INFO - 12/12/22 15:16:09 - 0:07:07 - 1460 source words - csls_knn_10 - Precision at k = 5: 6.849315
INFO - 12/12/22 15:16:09 - 0:07:07 - 1460 source words - csls_knn_10 - Precision at k = 10: 7.808219
