INFO - 12/01/22 17:20:17 - 0:00:00 - ============ Initialized logger ============
INFO - 12/01/22 17:20:17 - 0:00:00 - cuda: False
                                     dico_eval: data/dictionaries/en_de/en-de.5000-6500.txt
                                     emb_dim: 300
                                     exp_id: 
                                     exp_name: anchors_identicals
                                     exp_path: /u/halle/ralev/home_at/Desktop/Hiwi/multilingual-embeddings-anchors/MUSE/dumped/anchors_identicals/j2dlq2rc4n
                                     max_vocab: 200000
                                     normalize_embeddings: 
                                     src_emb: models/en_model.txt
                                     src_lang: de
                                     tgt_emb: models/anchor_de_en_cbow_300_identicals_bigger_than_3.kv
                                     tgt_lang: en
                                     verbose: 2
INFO - 12/01/22 17:20:17 - 0:00:00 - The experiment will be stored in /u/halle/ralev/home_at/Desktop/Hiwi/multilingual-embeddings-anchors/MUSE/dumped/anchors_identicals/j2dlq2rc4n
INFO - 12/01/22 17:20:30 - 0:00:13 - Loaded 200000 pre-trained word embeddings.
INFO - 12/01/22 17:20:36 - 0:00:19 - Loaded 90509 pre-trained word embeddings.
INFO - 12/01/22 17:20:38 - 0:00:21 - Found 3334 pairs of words in the dictionary (1460 unique). 326 other pairs contained at least one unknown word (0 in lang1, 326 in lang2)
INFO - 12/01/22 17:20:41 - 0:00:24 - 1460 source words - nn - Precision at k = 1: 7.123288
INFO - 12/01/22 17:20:41 - 0:00:24 - 1460 source words - nn - Precision at k = 5: 7.602740
INFO - 12/01/22 17:20:41 - 0:00:24 - 1460 source words - nn - Precision at k = 10: 8.630137
INFO - 12/01/22 17:20:41 - 0:00:24 - Found 3334 pairs of words in the dictionary (1460 unique). 326 other pairs contained at least one unknown word (0 in lang1, 326 in lang2)
INFO - 12/01/22 17:26:14 - 0:05:57 - 1460 source words - csls_knn_10 - Precision at k = 1: 7.054795
INFO - 12/01/22 17:26:14 - 0:05:57 - 1460 source words - csls_knn_10 - Precision at k = 5: 9.041096
INFO - 12/01/22 17:26:14 - 0:05:57 - 1460 source words - csls_knn_10 - Precision at k = 10: 10.479452
